0 verbose cli C:\Program Files\nodejs\node.exe C:\Program Files\nodejs\node_modules\npm\bin\npm-cli.js
1 info using npm@10.9.2
2 info using node@v22.14.0
3 silly config load:file:C:\Program Files\nodejs\node_modules\npm\npmrc
4 silly config load:file:C:\Users\clayc\OneDrive - Partner Chain\Documents\GitHub\FSD\.npmrc
5 silly config load:file:C:\Users\clayc\.npmrc
6 silly config load:file:C:\Users\clayc\OneDrive - Partner Chain\Documents\GitHub\FSD\%APPDATA%\npm\etc\npmrc
7 verbose title npm install tailwind-merge clsx
8 verbose argv "install" "tailwind-merge" "clsx"
9 verbose logfile logs-max:10 dir:C:\Users\clayc\OneDrive - Partner Chain\Documents\GitHub\FSD\%APPDATA%\npm-cache\_logs\2025-03-07T19_13_02_378Z-
10 verbose logfile C:\Users\clayc\OneDrive - Partner Chain\Documents\GitHub\FSD\%APPDATA%\npm-cache\_logs\2025-03-07T19_13_02_378Z-debug-0.log
11 silly logfile done cleaning log files
12 silly packumentCache heap:4345298944 maxSize:1086324736 maxEntrySize:543162368
13 silly idealTree buildDeps
14 silly fetch manifest clsx@^2.1.1
15 silly packumentCache full:https://registry.npmjs.org/clsx cache-miss
16 http fetch GET 200 https://registry.npmjs.org/clsx 352ms (cache updated)
17 silly packumentCache full:https://registry.npmjs.org/clsx set size:undefined disposed:false
18 silly fetch manifest tailwind-merge@^3.0.2
19 silly packumentCache full:https://registry.npmjs.org/tailwind-merge cache-miss
20 http fetch GET 200 https://registry.npmjs.org/tailwind-merge 269ms (cache updated)
21 silly packumentCache full:https://registry.npmjs.org/tailwind-merge set size:undefined disposed:false
22 silly placeDep ROOT clsx@2.1.1 REPLACE for: photo-portfolio@0.1.0 want: ^2.1.1
23 silly placeDep ROOT tailwind-merge@3.0.2 REPLACE for: photo-portfolio@0.1.0 want: ^3.0.2
24 silly reify moves {}
25 silly audit bulk request {
25 silly audit   'photo-portfolio': [ '0.1.0' ],
25 silly audit   '@alloc/quick-lru': [ '5.2.0' ],
25 silly audit   '@date-fns/tz': [ '1.2.0' ],
25 silly audit   '@isaacs/cliui': [ '8.0.2' ],
25 silly audit   '@jridgewell/gen-mapping': [ '0.3.8' ],
25 silly audit   '@jridgewell/resolve-uri': [ '3.1.2' ],
25 silly audit   '@jridgewell/set-array': [ '1.2.1' ],
25 silly audit   '@jridgewell/sourcemap-codec': [ '1.5.0' ],
25 silly audit   '@jridgewell/trace-mapping': [ '0.3.25' ],
25 silly audit   '@next/env': [ '14.1.0' ],
25 silly audit   '@next/swc-darwin-arm64': [ '14.1.0' ],
25 silly audit   '@next/swc-darwin-x64': [ '14.1.0' ],
25 silly audit   '@next/swc-linux-arm64-gnu': [ '14.1.0' ],
25 silly audit   '@next/swc-linux-arm64-musl': [ '14.1.0' ],
25 silly audit   '@next/swc-linux-x64-gnu': [ '14.1.0' ],
25 silly audit   '@next/swc-linux-x64-musl': [ '14.1.0' ],
25 silly audit   '@next/swc-win32-arm64-msvc': [ '14.1.0' ],
25 silly audit   '@next/swc-win32-ia32-msvc': [ '14.1.0' ],
25 silly audit   '@next/swc-win32-x64-msvc': [ '14.1.0' ],
25 silly audit   '@nodelib/fs.scandir': [ '2.1.5' ],
25 silly audit   '@nodelib/fs.stat': [ '2.0.5' ],
25 silly audit   '@nodelib/fs.walk': [ '1.2.8' ],
25 silly audit   '@pkgjs/parseargs': [ '0.11.0' ],
25 silly audit   '@radix-ui/react-compose-refs': [ '1.1.1' ],
25 silly audit   '@radix-ui/react-slot': [ '1.1.2' ],
25 silly audit   '@swc/helpers': [ '0.5.2' ],
25 silly audit   '@types/node': [ '20.17.23' ],
25 silly audit   '@types/prop-types': [ '15.7.14' ],
25 silly audit   '@types/react': [ '18.3.18' ],
25 silly audit   '@types/react-dom': [ '18.3.5' ],
25 silly audit   'ansi-regex': [ '6.1.0', '5.0.1' ],
25 silly audit   'ansi-styles': [ '6.2.1', '4.3.0' ],
25 silly audit   'any-promise': [ '1.3.0' ],
25 silly audit   anymatch: [ '3.1.3' ],
25 silly audit   arg: [ '5.0.2' ],
25 silly audit   autoprefixer: [ '10.4.20' ],
25 silly audit   'balanced-match': [ '1.0.2' ],
25 silly audit   'binary-extensions': [ '2.3.0' ],
25 silly audit   'brace-expansion': [ '2.0.1' ],
25 silly audit   braces: [ '3.0.3' ],
25 silly audit   browserslist: [ '4.24.4' ],
25 silly audit   busboy: [ '1.6.0' ],
25 silly audit   'camelcase-css': [ '2.0.1' ],
25 silly audit   'caniuse-lite': [ '1.0.30001702' ],
25 silly audit   chokidar: [ '3.6.0' ],
25 silly audit   'glob-parent': [ '5.1.2', '6.0.2' ],
25 silly audit   'class-variance-authority': [ '0.7.1' ],
25 silly audit   'client-only': [ '0.0.1' ],
25 silly audit   'color-convert': [ '2.0.1' ],
25 silly audit   'color-name': [ '1.1.4' ],
25 silly audit   commander: [ '4.1.1' ],
25 silly audit   'cross-spawn': [ '7.0.6' ],
25 silly audit   cssesc: [ '3.0.0' ],
25 silly audit   csstype: [ '3.1.3' ],
25 silly audit   'date-fns': [ '4.1.0' ],
25 silly audit   'date-fns-jalali': [ '4.1.0-0' ],
25 silly audit   didyoumean: [ '1.2.2' ],
25 silly audit   dlv: [ '1.1.3' ],
25 silly audit   eastasianwidth: [ '0.2.0' ],
25 silly audit   'electron-to-chromium': [ '1.5.113' ],
25 silly audit   'emoji-regex': [ '9.2.2', '8.0.0' ],
25 silly audit   escalade: [ '3.2.0' ],
25 silly audit   'fast-glob': [ '3.3.3' ],
25 silly audit   fastq: [ '1.19.1' ],
25 silly audit   'fill-range': [ '7.1.1' ],
25 silly audit   'foreground-child': [ '3.3.1' ],
25 silly audit   'fraction.js': [ '4.3.7' ],
25 silly audit   fsevents: [ '2.3.3' ],
25 silly audit   'function-bind': [ '1.1.2' ],
25 silly audit   geist: [ '1.3.1' ],
25 silly audit   glob: [ '10.4.5' ],
25 silly audit   'graceful-fs': [ '4.2.11' ],
25 silly audit   hasown: [ '2.0.2' ],
25 silly audit   'is-binary-path': [ '2.1.0' ],
25 silly audit   'is-core-module': [ '2.16.1' ],
25 silly audit   'is-extglob': [ '2.1.1' ],
25 silly audit   'is-fullwidth-code-point': [ '3.0.0' ],
25 silly audit   'is-glob': [ '4.0.3' ],
25 silly audit   'is-number': [ '7.0.0' ],
25 silly audit   isexe: [ '2.0.0' ],
25 silly audit   jackspeak: [ '3.4.3' ],
25 silly audit   jiti: [ '1.21.7' ],
25 silly audit   'js-tokens': [ '4.0.0' ],
25 silly audit   lilconfig: [ '3.1.3' ],
25 silly audit   'lines-and-columns': [ '1.2.4' ],
25 silly audit   'loose-envify': [ '1.4.0' ],
25 silly audit   'lru-cache': [ '10.4.3' ],
25 silly audit   'lucide-react': [ '0.479.0' ],
25 silly audit   merge2: [ '1.4.1' ],
25 silly audit   micromatch: [ '4.0.8' ],
25 silly audit   minimatch: [ '9.0.5' ],
25 silly audit   minipass: [ '7.1.2' ],
25 silly audit   mz: [ '2.7.0' ],
25 silly audit   nanoid: [ '3.3.9' ],
25 silly audit   next: [ '14.1.0' ],
25 silly audit   'next-themes': [ '0.4.4' ],
25 silly audit   postcss: [ '8.4.31', '8.5.3' ],
25 silly audit   'node-releases': [ '2.0.19' ],
25 silly audit   'normalize-path': [ '3.0.0' ],
25 silly audit   'normalize-range': [ '0.1.2' ],
25 silly audit   'object-assign': [ '4.1.1' ],
25 silly audit   'object-hash': [ '3.0.0' ],
25 silly audit   'package-json-from-dist': [ '1.0.1' ],
25 silly audit   'path-key': [ '3.1.1' ],
25 silly audit   'path-parse': [ '1.0.7' ],
25 silly audit   'path-scurry': [ '1.11.1' ],
25 silly audit   picocolors: [ '1.1.1' ],
25 silly audit   picomatch: [ '2.3.1' ],
25 silly audit   pify: [ '2.3.0' ],
25 silly audit   pirates: [ '4.0.6' ],
25 silly audit   'postcss-import': [ '15.1.0' ],
25 silly audit   'postcss-js': [ '4.0.1' ],
25 silly audit   'postcss-load-config': [ '4.0.2' ],
25 silly audit   'postcss-nested': [ '6.2.0' ],
25 silly audit   'postcss-selector-parser': [ '6.1.2' ],
25 silly audit   'postcss-value-parser': [ '4.2.0' ],
25 silly audit   'queue-microtask': [ '1.2.3' ],
25 silly audit   react: [ '18.3.1' ],
25 silly audit   'react-day-picker': [ '9.5.1' ],
25 silly audit   'react-dom': [ '18.3.1' ],
25 silly audit   'read-cache': [ '1.0.0' ],
25 silly audit   readdirp: [ '3.6.0' ],
25 silly audit   resolve: [ '1.22.10' ],
25 silly audit   reusify: [ '1.1.0' ],
25 silly audit   'run-parallel': [ '1.2.0' ],
25 silly audit   scheduler: [ '0.23.2' ],
25 silly audit   'shebang-command': [ '2.0.0' ],
25 silly audit   'shebang-regex': [ '3.0.0' ],
25 silly audit   'signal-exit': [ '4.1.0' ],
25 silly audit   'source-map-js': [ '1.2.1' ],
25 silly audit   streamsearch: [ '1.1.0' ],
25 silly audit   'string-width': [ '5.1.2', '4.2.3' ],
25 silly audit   'strip-ansi': [ '6.0.1', '7.1.0' ],
25 silly audit   'styled-jsx': [ '5.1.1' ],
25 silly audit   sucrase: [ '3.35.0' ],
25 silly audit   'supports-preserve-symlinks-flag': [ '1.0.0' ],
25 silly audit   tailwindcss: [ '3.4.17' ],
25 silly audit   'tailwindcss-animate': [ '1.0.7' ],
25 silly audit   thenify: [ '3.3.1' ],
25 silly audit   'thenify-all': [ '1.6.0' ],
25 silly audit   'to-regex-range': [ '5.0.1' ],
25 silly audit   'ts-interface-checker': [ '0.1.13' ],
25 silly audit   tslib: [ '2.8.1' ],
25 silly audit   typescript: [ '5.8.2' ],
25 silly audit   'undici-types': [ '6.19.8' ],
25 silly audit   'update-browserslist-db': [ '1.1.3' ],
25 silly audit   'util-deprecate': [ '1.0.2' ],
25 silly audit   which: [ '2.0.2' ],
25 silly audit   'wrap-ansi': [ '8.1.0', '7.0.0' ],
25 silly audit   yaml: [ '2.7.0' ],
25 silly audit   clsx: [ '2.1.1' ],
25 silly audit   'tailwind-merge': [ '3.0.2' ]
25 silly audit }
26 verbose reify failed optional dependency C:\Users\clayc\OneDrive - Partner Chain\Documents\GitHub\FSD\node_modules\fsevents
27 silly reify mark deleted [
27 silly reify   'C:\\Users\\clayc\\OneDrive - Partner Chain\\Documents\\GitHub\\FSD\\node_modules\\fsevents'
27 silly reify ]
28 verbose reify failed optional dependency C:\Users\clayc\OneDrive - Partner Chain\Documents\GitHub\FSD\node_modules\@next\swc-win32-x64-msvc
29 silly reify mark deleted [
29 silly reify   'C:\\Users\\clayc\\OneDrive - Partner Chain\\Documents\\GitHub\\FSD\\node_modules\\@next\\swc-win32-x64-msvc'
29 silly reify ]
30 verbose reify failed optional dependency C:\Users\clayc\OneDrive - Partner Chain\Documents\GitHub\FSD\node_modules\@next\swc-win32-ia32-msvc
31 silly reify mark deleted [
31 silly reify   'C:\\Users\\clayc\\OneDrive - Partner Chain\\Documents\\GitHub\\FSD\\node_modules\\@next\\swc-win32-ia32-msvc'
31 silly reify ]
32 verbose reify failed optional dependency C:\Users\clayc\OneDrive - Partner Chain\Documents\GitHub\FSD\node_modules\@next\swc-linux-x64-musl
33 silly reify mark deleted [
33 silly reify   'C:\\Users\\clayc\\OneDrive - Partner Chain\\Documents\\GitHub\\FSD\\node_modules\\@next\\swc-linux-x64-musl'
33 silly reify ]
34 verbose reify failed optional dependency C:\Users\clayc\OneDrive - Partner Chain\Documents\GitHub\FSD\node_modules\@next\swc-linux-x64-gnu
35 silly reify mark deleted [
35 silly reify   'C:\\Users\\clayc\\OneDrive - Partner Chain\\Documents\\GitHub\\FSD\\node_modules\\@next\\swc-linux-x64-gnu'
35 silly reify ]
36 verbose reify failed optional dependency C:\Users\clayc\OneDrive - Partner Chain\Documents\GitHub\FSD\node_modules\@next\swc-linux-arm64-musl
37 silly reify mark deleted [
37 silly reify   'C:\\Users\\clayc\\OneDrive - Partner Chain\\Documents\\GitHub\\FSD\\node_modules\\@next\\swc-linux-arm64-musl'
37 silly reify ]
38 verbose reify failed optional dependency C:\Users\clayc\OneDrive - Partner Chain\Documents\GitHub\FSD\node_modules\@next\swc-linux-arm64-gnu
39 silly reify mark deleted [
39 silly reify   'C:\\Users\\clayc\\OneDrive - Partner Chain\\Documents\\GitHub\\FSD\\node_modules\\@next\\swc-linux-arm64-gnu'
39 silly reify ]
40 verbose reify failed optional dependency C:\Users\clayc\OneDrive - Partner Chain\Documents\GitHub\FSD\node_modules\@next\swc-darwin-x64
41 silly reify mark deleted [
41 silly reify   'C:\\Users\\clayc\\OneDrive - Partner Chain\\Documents\\GitHub\\FSD\\node_modules\\@next\\swc-darwin-x64'
41 silly reify ]
42 verbose reify failed optional dependency C:\Users\clayc\OneDrive - Partner Chain\Documents\GitHub\FSD\node_modules\@next\swc-darwin-arm64
43 silly reify mark deleted [
43 silly reify   'C:\\Users\\clayc\\OneDrive - Partner Chain\\Documents\\GitHub\\FSD\\node_modules\\@next\\swc-darwin-arm64'
43 silly reify ]
44 http fetch POST 200 https://registry.npmjs.org/-/npm/v1/security/advisories/bulk 104ms
45 silly audit report {
45 silly audit report   next: [
45 silly audit report     {
45 silly audit report       id: 1099638,
45 silly audit report       url: 'https://github.com/advisories/GHSA-gp8f-8m3g-qvj9',
45 silly audit report       title: 'Next.js Cache Poisoning',
45 silly audit report       severity: 'high',
45 silly audit report       vulnerable_versions: '>=14.0.0 <14.2.10',
45 silly audit report       cwe: [Array],
45 silly audit report       cvss: [Object]
45 silly audit report     },
45 silly audit report     {
45 silly audit report       id: 1100421,
45 silly audit report       url: 'https://github.com/advisories/GHSA-g77x-44xx-532m',
45 silly audit report       title: 'Denial of Service condition in Next.js image optimization',
45 silly audit report       severity: 'moderate',
45 silly audit report       vulnerable_versions: '>=10.0.0 <14.2.7',
45 silly audit report       cwe: [Array],
45 silly audit report       cvss: [Object]
45 silly audit report     },
45 silly audit report     {
45 silly audit report       id: 1101380,
45 silly audit report       url: 'https://github.com/advisories/GHSA-7gfc-8cq8-jh5f',
45 silly audit report       title: 'Next.js authorization bypass vulnerability',
45 silly audit report       severity: 'high',
45 silly audit report       vulnerable_versions: '>=9.5.5 <14.2.15',
45 silly audit report       cwe: [Array],
45 silly audit report       cvss: [Object]
45 silly audit report     },
45 silly audit report     {
45 silly audit report       id: 1101438,
45 silly audit report       url: 'https://github.com/advisories/GHSA-7m27-7ghc-44w9',
45 silly audit report       title: 'Next.js Allows a Denial of Service (DoS) with Server Actions',
45 silly audit report       severity: 'moderate',
45 silly audit report       vulnerable_versions: '>=14.0.0 <14.2.21',
45 silly audit report       cwe: [Array],
45 silly audit report       cvss: [Object]
45 silly audit report     },
45 silly audit report     {
45 silly audit report       id: 1097295,
45 silly audit report       url: 'https://github.com/advisories/GHSA-fr5h-rqp8-mj6g',
45 silly audit report       title: 'Next.js Server-Side Request Forgery in Server Actions',
45 silly audit report       severity: 'high',
45 silly audit report       vulnerable_versions: '>=13.4.0 <14.1.1',
45 silly audit report       cwe: [Array],
45 silly audit report       cvss: [Object]
45 silly audit report     }
45 silly audit report   ]
45 silly audit report }
46 silly packumentCache corgi:https://registry.npmjs.org/next cache-miss
47 http fetch GET 200 https://registry.npmjs.org/next 670ms (cache updated)
48 silly packumentCache corgi:https://registry.npmjs.org/next set size:undefined disposed:false
49 silly packumentCache corgi:https://registry.npmjs.org/geist cache-miss
50 http fetch GET 200 https://registry.npmjs.org/geist 431ms (cache updated)
51 silly packumentCache corgi:https://registry.npmjs.org/geist set size:undefined disposed:false
52 silly ADD
53 silly ADD
54 silly ADD
55 silly ADD
56 silly ADD
57 silly ADD
58 silly ADD
59 silly ADD
60 silly ADD
61 verbose cwd C:\Users\clayc\OneDrive - Partner Chain\Documents\GitHub\FSD
62 verbose os Windows_NT 10.0.26100
63 verbose node v22.14.0
64 verbose npm  v10.9.2
65 verbose exit 0
66 info ok
