0 verbose cli C:\Program Files\nodejs\node.exe C:\Program Files\nodejs\node_modules\npm\bin\npm-cli.js
1 info using npm@10.9.2
2 info using node@v22.14.0
3 silly config load:file:C:\Program Files\nodejs\node_modules\npm\npmrc
4 silly config load:file:C:\Users\clayc\OneDrive - Partner Chain\Documents\GitHub\FSD\.npmrc
5 silly config load:file:C:\Users\clayc\.npmrc
6 silly config load:file:C:\Users\clayc\OneDrive - Partner Chain\Documents\GitHub\FSD\%APPDATA%\npm\etc\npmrc
7 verbose title npm install tailwindcss-animate
8 verbose argv "install" "tailwindcss-animate"
9 verbose logfile logs-max:10 dir:C:\Users\clayc\OneDrive - Partner Chain\Documents\GitHub\FSD\%APPDATA%\npm-cache\_logs\2025-03-07T17_50_13_133Z-
10 verbose logfile C:\Users\clayc\OneDrive - Partner Chain\Documents\GitHub\FSD\%APPDATA%\npm-cache\_logs\2025-03-07T17_50_13_133Z-debug-0.log
11 silly logfile done cleaning log files
12 silly packumentCache heap:4345298944 maxSize:1086324736 maxEntrySize:543162368
13 silly idealTree buildDeps
14 silly fetch manifest next-themes@^0.4.4
15 silly packumentCache full:https://registry.npmjs.org/next-themes cache-miss
16 http fetch GET 200 https://registry.npmjs.org/next-themes 215ms (cache miss)
17 silly packumentCache full:https://registry.npmjs.org/next-themes set size:undefined disposed:false
18 silly fetch manifest react@^18.3.1
19 silly packumentCache full:https://registry.npmjs.org/react cache-miss
20 http fetch GET 200 https://registry.npmjs.org/react 194ms (cache updated)
21 silly packumentCache full:https://registry.npmjs.org/react set size:undefined disposed:false
22 silly fetch manifest react-dom@^18
23 silly packumentCache full:https://registry.npmjs.org/react-dom cache-miss
24 http fetch GET 200 https://registry.npmjs.org/react-dom 181ms (cache updated)
25 silly packumentCache full:https://registry.npmjs.org/react-dom set size:undefined disposed:false
26 silly fetch manifest tailwindcss-animate@*
27 silly packumentCache full:https://registry.npmjs.org/tailwindcss-animate cache-miss
28 http fetch GET 200 https://registry.npmjs.org/tailwindcss-animate 55ms (cache miss)
29 silly packumentCache full:https://registry.npmjs.org/tailwindcss-animate set size:undefined disposed:false
30 silly fetch manifest tailwindcss@^3.3.0
31 silly packumentCache full:https://registry.npmjs.org/tailwindcss cache-miss
32 http fetch GET 200 https://registry.npmjs.org/tailwindcss 203ms (cache updated)
33 silly packumentCache full:https://registry.npmjs.org/tailwindcss set size:undefined disposed:false
34 silly placeDep ROOT next-themes@0.4.4 OK for: photo-portfolio@0.1.0 want: ^0.4.4
35 silly placeDep ROOT tailwindcss-animate@1.0.7 OK for: photo-portfolio@0.1.0 want: *
36 silly reify mark retired [
36 silly reify   'C:\\Users\\clayc\\OneDrive - Partner Chain\\Documents\\GitHub\\FSD\\node_modules\\photo-portfolio'
36 silly reify ]
37 silly reify mark retired [
37 silly reify   'C:\\Users\\clayc\\OneDrive - Partner Chain\\Documents\\GitHub\\FSD\\node_modules\\react-dom'
37 silly reify ]
38 silly reify mark retired [
38 silly reify   'C:\\Users\\clayc\\OneDrive - Partner Chain\\Documents\\GitHub\\FSD\\node_modules\\next-themes'
38 silly reify ]
39 silly reify mark retired [
39 silly reify   'C:\\Users\\clayc\\OneDrive - Partner Chain\\Documents\\GitHub\\FSD\\node_modules\\autoprefixer',
39 silly reify   'C:\\Users\\clayc\\OneDrive - Partner Chain\\Documents\\GitHub\\FSD\\node_modules\\.bin\\autoprefixer',
39 silly reify   'C:\\Users\\clayc\\OneDrive - Partner Chain\\Documents\\GitHub\\FSD\\node_modules\\.bin\\autoprefixer.cmd',
39 silly reify   'C:\\Users\\clayc\\OneDrive - Partner Chain\\Documents\\GitHub\\FSD\\node_modules\\.bin\\autoprefixer.ps1'
39 silly reify ]
40 silly reify mark retired [
40 silly reify   'C:\\Users\\clayc\\OneDrive - Partner Chain\\Documents\\GitHub\\FSD\\node_modules\\react'
40 silly reify ]
41 silly reify mark retired [
41 silly reify   'C:\\Users\\clayc\\OneDrive - Partner Chain\\Documents\\GitHub\\FSD\\node_modules\\postcss'
41 silly reify ]
42 silly reify mark retired [
42 silly reify   'C:\\Users\\clayc\\OneDrive - Partner Chain\\Documents\\GitHub\\FSD\\node_modules\\tailwindcss',
42 silly reify   'C:\\Users\\clayc\\OneDrive - Partner Chain\\Documents\\GitHub\\FSD\\node_modules\\.bin\\tailwind',
42 silly reify   'C:\\Users\\clayc\\OneDrive - Partner Chain\\Documents\\GitHub\\FSD\\node_modules\\.bin\\tailwind.cmd',
42 silly reify   'C:\\Users\\clayc\\OneDrive - Partner Chain\\Documents\\GitHub\\FSD\\node_modules\\.bin\\tailwind.ps1',
42 silly reify   'C:\\Users\\clayc\\OneDrive - Partner Chain\\Documents\\GitHub\\FSD\\node_modules\\.bin\\tailwindcss',
42 silly reify   'C:\\Users\\clayc\\OneDrive - Partner Chain\\Documents\\GitHub\\FSD\\node_modules\\.bin\\tailwindcss.cmd',
42 silly reify   'C:\\Users\\clayc\\OneDrive - Partner Chain\\Documents\\GitHub\\FSD\\node_modules\\.bin\\tailwindcss.ps1'
42 silly reify ]
43 silly reify mark retired [
43 silly reify   'C:\\Users\\clayc\\OneDrive - Partner Chain\\Documents\\GitHub\\FSD\\node_modules\\next',
43 silly reify   'C:\\Users\\clayc\\OneDrive - Partner Chain\\Documents\\GitHub\\FSD\\node_modules\\.bin\\next',
43 silly reify   'C:\\Users\\clayc\\OneDrive - Partner Chain\\Documents\\GitHub\\FSD\\node_modules\\.bin\\next.cmd',
43 silly reify   'C:\\Users\\clayc\\OneDrive - Partner Chain\\Documents\\GitHub\\FSD\\node_modules\\.bin\\next.ps1'
43 silly reify ]
44 silly reify mark retired [
44 silly reify   'C:\\Users\\clayc\\OneDrive - Partner Chain\\Documents\\GitHub\\FSD\\node_modules\\typescript',
44 silly reify   'C:\\Users\\clayc\\OneDrive - Partner Chain\\Documents\\GitHub\\FSD\\node_modules\\.bin\\tsc',
44 silly reify   'C:\\Users\\clayc\\OneDrive - Partner Chain\\Documents\\GitHub\\FSD\\node_modules\\.bin\\tsc.cmd',
44 silly reify   'C:\\Users\\clayc\\OneDrive - Partner Chain\\Documents\\GitHub\\FSD\\node_modules\\.bin\\tsc.ps1',
44 silly reify   'C:\\Users\\clayc\\OneDrive - Partner Chain\\Documents\\GitHub\\FSD\\node_modules\\.bin\\tsserver',
44 silly reify   'C:\\Users\\clayc\\OneDrive - Partner Chain\\Documents\\GitHub\\FSD\\node_modules\\.bin\\tsserver.cmd',
44 silly reify   'C:\\Users\\clayc\\OneDrive - Partner Chain\\Documents\\GitHub\\FSD\\node_modules\\.bin\\tsserver.ps1'
44 silly reify ]
45 silly reify mark retired [
45 silly reify   'C:\\Users\\clayc\\OneDrive - Partner Chain\\Documents\\GitHub\\FSD\\node_modules\\@types\\node'
45 silly reify ]
46 silly reify mark retired [
46 silly reify   'C:\\Users\\clayc\\OneDrive - Partner Chain\\Documents\\GitHub\\FSD\\node_modules\\@types\\react'
46 silly reify ]
47 silly reify mark retired [
47 silly reify   'C:\\Users\\clayc\\OneDrive - Partner Chain\\Documents\\GitHub\\FSD\\node_modules\\@types\\react-dom'
47 silly reify ]
48 silly reify moves {
48 silly reify   'C:\\Users\\clayc\\OneDrive - Partner Chain\\Documents\\GitHub\\FSD\\node_modules\\photo-portfolio': 'C:\\Users\\clayc\\OneDrive - Partner Chain\\Documents\\GitHub\\FSD\\node_modules\\.photo-portfolio-CQNqxuue',
48 silly reify   'C:\\Users\\clayc\\OneDrive - Partner Chain\\Documents\\GitHub\\FSD\\node_modules\\react-dom': 'C:\\Users\\clayc\\OneDrive - Partner Chain\\Documents\\GitHub\\FSD\\node_modules\\.react-dom-T0cyemtD',
48 silly reify   'C:\\Users\\clayc\\OneDrive - Partner Chain\\Documents\\GitHub\\FSD\\node_modules\\next-themes': 'C:\\Users\\clayc\\OneDrive - Partner Chain\\Documents\\GitHub\\FSD\\node_modules\\.next-themes-nlgca5op',
48 silly reify   'C:\\Users\\clayc\\OneDrive - Partner Chain\\Documents\\GitHub\\FSD\\node_modules\\autoprefixer': 'C:\\Users\\clayc\\OneDrive - Partner Chain\\Documents\\GitHub\\FSD\\node_modules\\.autoprefixer-6Jjnu2ph',
48 silly reify   'C:\\Users\\clayc\\OneDrive - Partner Chain\\Documents\\GitHub\\FSD\\node_modules\\.bin\\autoprefixer': 'C:\\Users\\clayc\\OneDrive - Partner Chain\\Documents\\GitHub\\FSD\\node_modules\\.bin\\.autoprefixer-qceIY1Le',
48 silly reify   'C:\\Users\\clayc\\OneDrive - Partner Chain\\Documents\\GitHub\\FSD\\node_modules\\.bin\\autoprefixer.cmd': 'C:\\Users\\clayc\\OneDrive - Partner Chain\\Documents\\GitHub\\FSD\\node_modules\\.bin\\.autoprefixer.cmd-vzXHLXJz',
48 silly reify   'C:\\Users\\clayc\\OneDrive - Partner Chain\\Documents\\GitHub\\FSD\\node_modules\\.bin\\autoprefixer.ps1': 'C:\\Users\\clayc\\OneDrive - Partner Chain\\Documents\\GitHub\\FSD\\node_modules\\.bin\\.autoprefixer.ps1-XpQEUXBs',
48 silly reify   'C:\\Users\\clayc\\OneDrive - Partner Chain\\Documents\\GitHub\\FSD\\node_modules\\react': 'C:\\Users\\clayc\\OneDrive - Partner Chain\\Documents\\GitHub\\FSD\\node_modules\\.react-CEmcPEW7',
48 silly reify   'C:\\Users\\clayc\\OneDrive - Partner Chain\\Documents\\GitHub\\FSD\\node_modules\\postcss': 'C:\\Users\\clayc\\OneDrive - Partner Chain\\Documents\\GitHub\\FSD\\node_modules\\.postcss-uLjMyThY',
48 silly reify   'C:\\Users\\clayc\\OneDrive - Partner Chain\\Documents\\GitHub\\FSD\\node_modules\\tailwindcss': 'C:\\Users\\clayc\\OneDrive - Partner Chain\\Documents\\GitHub\\FSD\\node_modules\\.tailwindcss-pzEddN64',
48 silly reify   'C:\\Users\\clayc\\OneDrive - Partner Chain\\Documents\\GitHub\\FSD\\node_modules\\.bin\\tailwind': 'C:\\Users\\clayc\\OneDrive - Partner Chain\\Documents\\GitHub\\FSD\\node_modules\\.bin\\.tailwind-2PC5Ys7y',
48 silly reify   'C:\\Users\\clayc\\OneDrive - Partner Chain\\Documents\\GitHub\\FSD\\node_modules\\.bin\\tailwind.cmd': 'C:\\Users\\clayc\\OneDrive - Partner Chain\\Documents\\GitHub\\FSD\\node_modules\\.bin\\.tailwind.cmd-aNcf9cCs',
48 silly reify   'C:\\Users\\clayc\\OneDrive - Partner Chain\\Documents\\GitHub\\FSD\\node_modules\\.bin\\tailwind.ps1': 'C:\\Users\\clayc\\OneDrive - Partner Chain\\Documents\\GitHub\\FSD\\node_modules\\.bin\\.tailwind.ps1-QUpl8a6z',
48 silly reify   'C:\\Users\\clayc\\OneDrive - Partner Chain\\Documents\\GitHub\\FSD\\node_modules\\.bin\\tailwindcss': 'C:\\Users\\clayc\\OneDrive - Partner Chain\\Documents\\GitHub\\FSD\\node_modules\\.bin\\.tailwindcss-oDU0KKK3',
48 silly reify   'C:\\Users\\clayc\\OneDrive - Partner Chain\\Documents\\GitHub\\FSD\\node_modules\\.bin\\tailwindcss.cmd': 'C:\\Users\\clayc\\OneDrive - Partner Chain\\Documents\\GitHub\\FSD\\node_modules\\.bin\\.tailwindcss.cmd-QXC236Kt',
48 silly reify   'C:\\Users\\clayc\\OneDrive - Partner Chain\\Documents\\GitHub\\FSD\\node_modules\\.bin\\tailwindcss.ps1': 'C:\\Users\\clayc\\OneDrive - Partner Chain\\Documents\\GitHub\\FSD\\node_modules\\.bin\\.tailwindcss.ps1-NbJpWuVk',
48 silly reify   'C:\\Users\\clayc\\OneDrive - Partner Chain\\Documents\\GitHub\\FSD\\node_modules\\next': 'C:\\Users\\clayc\\OneDrive - Partner Chain\\Documents\\GitHub\\FSD\\node_modules\\.next-6BcRCKtO',
48 silly reify   'C:\\Users\\clayc\\OneDrive - Partner Chain\\Documents\\GitHub\\FSD\\node_modules\\.bin\\next': 'C:\\Users\\clayc\\OneDrive - Partner Chain\\Documents\\GitHub\\FSD\\node_modules\\.bin\\.next-TqTXcwYQ',
48 silly reify   'C:\\Users\\clayc\\OneDrive - Partner Chain\\Documents\\GitHub\\FSD\\node_modules\\.bin\\next.cmd': 'C:\\Users\\clayc\\OneDrive - Partner Chain\\Documents\\GitHub\\FSD\\node_modules\\.bin\\.next.cmd-z6v4PNF8',
48 silly reify   'C:\\Users\\clayc\\OneDrive - Partner Chain\\Documents\\GitHub\\FSD\\node_modules\\.bin\\next.ps1': 'C:\\Users\\clayc\\OneDrive - Partner Chain\\Documents\\GitHub\\FSD\\node_modules\\.bin\\.next.ps1-h9AZq5qq',
48 silly reify   'C:\\Users\\clayc\\OneDrive - Partner Chain\\Documents\\GitHub\\FSD\\node_modules\\typescript': 'C:\\Users\\clayc\\OneDrive - Partner Chain\\Documents\\GitHub\\FSD\\node_modules\\.typescript-Aj17lzuz',
48 silly reify   'C:\\Users\\clayc\\OneDrive - Partner Chain\\Documents\\GitHub\\FSD\\node_modules\\.bin\\tsc': 'C:\\Users\\clayc\\OneDrive - Partner Chain\\Documents\\GitHub\\FSD\\node_modules\\.bin\\.tsc-UnQNkK3Q',
48 silly reify   'C:\\Users\\clayc\\OneDrive - Partner Chain\\Documents\\GitHub\\FSD\\node_modules\\.bin\\tsc.cmd': 'C:\\Users\\clayc\\OneDrive - Partner Chain\\Documents\\GitHub\\FSD\\node_modules\\.bin\\.tsc.cmd-dSAdzqcd',
48 silly reify   'C:\\Users\\clayc\\OneDrive - Partner Chain\\Documents\\GitHub\\FSD\\node_modules\\.bin\\tsc.ps1': 'C:\\Users\\clayc\\OneDrive - Partner Chain\\Documents\\GitHub\\FSD\\node_modules\\.bin\\.tsc.ps1-n6CSR5hg',
48 silly reify   'C:\\Users\\clayc\\OneDrive - Partner Chain\\Documents\\GitHub\\FSD\\node_modules\\.bin\\tsserver': 'C:\\Users\\clayc\\OneDrive - Partner Chain\\Documents\\GitHub\\FSD\\node_modules\\.bin\\.tsserver-r5CH4BAA',
48 silly reify   'C:\\Users\\clayc\\OneDrive - Partner Chain\\Documents\\GitHub\\FSD\\node_modules\\.bin\\tsserver.cmd': 'C:\\Users\\clayc\\OneDrive - Partner Chain\\Documents\\GitHub\\FSD\\node_modules\\.bin\\.tsserver.cmd-XFgIc0aP',
48 silly reify   'C:\\Users\\clayc\\OneDrive - Partner Chain\\Documents\\GitHub\\FSD\\node_modules\\.bin\\tsserver.ps1': 'C:\\Users\\clayc\\OneDrive - Partner Chain\\Documents\\GitHub\\FSD\\node_modules\\.bin\\.tsserver.ps1-WngcgAoC',
48 silly reify   'C:\\Users\\clayc\\OneDrive - Partner Chain\\Documents\\GitHub\\FSD\\node_modules\\@types\\node': 'C:\\Users\\clayc\\OneDrive - Partner Chain\\Documents\\GitHub\\FSD\\node_modules\\@types\\.node-LWNcToW8',
48 silly reify   'C:\\Users\\clayc\\OneDrive - Partner Chain\\Documents\\GitHub\\FSD\\node_modules\\@types\\react': 'C:\\Users\\clayc\\OneDrive - Partner Chain\\Documents\\GitHub\\FSD\\node_modules\\@types\\.react-vpWCSVJJ',
48 silly reify   'C:\\Users\\clayc\\OneDrive - Partner Chain\\Documents\\GitHub\\FSD\\node_modules\\@types\\react-dom': 'C:\\Users\\clayc\\OneDrive - Partner Chain\\Documents\\GitHub\\FSD\\node_modules\\@types\\.react-dom-rdbxZ5zi'
48 silly reify }
49 silly audit bulk request {
49 silly audit   'photo-portfolio': [ '0.1.0' ],
49 silly audit   '@alloc/quick-lru': [ '5.2.0' ],
49 silly audit   '@isaacs/cliui': [ '8.0.2' ],
49 silly audit   '@jridgewell/gen-mapping': [ '0.3.8' ],
49 silly audit   '@jridgewell/resolve-uri': [ '3.1.2' ],
49 silly audit   '@jridgewell/set-array': [ '1.2.1' ],
49 silly audit   '@jridgewell/sourcemap-codec': [ '1.5.0' ],
49 silly audit   '@jridgewell/trace-mapping': [ '0.3.25' ],
49 silly audit   '@next/env': [ '14.1.0' ],
49 silly audit   '@next/swc-darwin-arm64': [ '14.1.0' ],
49 silly audit   '@next/swc-darwin-x64': [ '14.1.0' ],
49 silly audit   '@next/swc-linux-arm64-gnu': [ '14.1.0' ],
49 silly audit   '@next/swc-linux-arm64-musl': [ '14.1.0' ],
49 silly audit   '@next/swc-linux-x64-gnu': [ '14.1.0' ],
49 silly audit   '@next/swc-linux-x64-musl': [ '14.1.0' ],
49 silly audit   '@next/swc-win32-arm64-msvc': [ '14.1.0' ],
49 silly audit   '@next/swc-win32-ia32-msvc': [ '14.1.0' ],
49 silly audit   '@next/swc-win32-x64-msvc': [ '14.1.0' ],
49 silly audit   '@nodelib/fs.scandir': [ '2.1.5' ],
49 silly audit   '@nodelib/fs.stat': [ '2.0.5' ],
49 silly audit   '@nodelib/fs.walk': [ '1.2.8' ],
49 silly audit   '@pkgjs/parseargs': [ '0.11.0' ],
49 silly audit   '@swc/helpers': [ '0.5.2' ],
49 silly audit   '@types/node': [ '20.17.23' ],
49 silly audit   '@types/prop-types': [ '15.7.14' ],
49 silly audit   '@types/react': [ '18.3.18' ],
49 silly audit   '@types/react-dom': [ '18.3.5' ],
49 silly audit   'ansi-regex': [ '6.1.0', '5.0.1' ],
49 silly audit   'ansi-styles': [ '6.2.1', '4.3.0' ],
49 silly audit   'any-promise': [ '1.3.0' ],
49 silly audit   anymatch: [ '3.1.3' ],
49 silly audit   arg: [ '5.0.2' ],
49 silly audit   autoprefixer: [ '10.4.20' ],
49 silly audit   'balanced-match': [ '1.0.2' ],
49 silly audit   'binary-extensions': [ '2.3.0' ],
49 silly audit   'brace-expansion': [ '2.0.1' ],
49 silly audit   braces: [ '3.0.3' ],
49 silly audit   browserslist: [ '4.24.4' ],
49 silly audit   busboy: [ '1.6.0' ],
49 silly audit   'camelcase-css': [ '2.0.1' ],
49 silly audit   'caniuse-lite': [ '1.0.30001702' ],
49 silly audit   chokidar: [ '3.6.0' ],
49 silly audit   'glob-parent': [ '5.1.2', '6.0.2' ],
49 silly audit   'client-only': [ '0.0.1' ],
49 silly audit   'color-convert': [ '2.0.1' ],
49 silly audit   'color-name': [ '1.1.4' ],
49 silly audit   commander: [ '4.1.1' ],
49 silly audit   'cross-spawn': [ '7.0.6' ],
49 silly audit   cssesc: [ '3.0.0' ],
49 silly audit   csstype: [ '3.1.3' ],
49 silly audit   didyoumean: [ '1.2.2' ],
49 silly audit   dlv: [ '1.1.3' ],
49 silly audit   eastasianwidth: [ '0.2.0' ],
49 silly audit   'electron-to-chromium': [ '1.5.113' ],
49 silly audit   'emoji-regex': [ '9.2.2', '8.0.0' ],
49 silly audit   escalade: [ '3.2.0' ],
49 silly audit   'fast-glob': [ '3.3.3' ],
49 silly audit   fastq: [ '1.19.1' ],
49 silly audit   'fill-range': [ '7.1.1' ],
49 silly audit   'foreground-child': [ '3.3.1' ],
49 silly audit   'fraction.js': [ '4.3.7' ],
49 silly audit   fsevents: [ '2.3.3' ],
49 silly audit   'function-bind': [ '1.1.2' ],
49 silly audit   glob: [ '10.4.5' ],
49 silly audit   'graceful-fs': [ '4.2.11' ],
49 silly audit   hasown: [ '2.0.2' ],
49 silly audit   'is-binary-path': [ '2.1.0' ],
49 silly audit   'is-core-module': [ '2.16.1' ],
49 silly audit   'is-extglob': [ '2.1.1' ],
49 silly audit   'is-fullwidth-code-point': [ '3.0.0' ],
49 silly audit   'is-glob': [ '4.0.3' ],
49 silly audit   'is-number': [ '7.0.0' ],
49 silly audit   isexe: [ '2.0.0' ],
49 silly audit   jackspeak: [ '3.4.3' ],
49 silly audit   jiti: [ '1.21.7' ],
49 silly audit   'js-tokens': [ '4.0.0' ],
49 silly audit   lilconfig: [ '3.1.3' ],
49 silly audit   'lines-and-columns': [ '1.2.4' ],
49 silly audit   'loose-envify': [ '1.4.0' ],
49 silly audit   'lru-cache': [ '10.4.3' ],
49 silly audit   merge2: [ '1.4.1' ],
49 silly audit   micromatch: [ '4.0.8' ],
49 silly audit   minimatch: [ '9.0.5' ],
49 silly audit   minipass: [ '7.1.2' ],
49 silly audit   mz: [ '2.7.0' ],
49 silly audit   nanoid: [ '3.3.9' ],
49 silly audit   next: [ '14.1.0' ],
49 silly audit   postcss: [ '8.4.31', '8.5.3' ],
49 silly audit   'node-releases': [ '2.0.19' ],
49 silly audit   'normalize-path': [ '3.0.0' ],
49 silly audit   'normalize-range': [ '0.1.2' ],
49 silly audit   'object-assign': [ '4.1.1' ],
49 silly audit   'object-hash': [ '3.0.0' ],
49 silly audit   'package-json-from-dist': [ '1.0.1' ],
49 silly audit   'path-key': [ '3.1.1' ],
49 silly audit   'path-parse': [ '1.0.7' ],
49 silly audit   'path-scurry': [ '1.11.1' ],
49 silly audit   picocolors: [ '1.1.1' ],
49 silly audit   picomatch: [ '2.3.1' ],
49 silly audit   pify: [ '2.3.0' ],
49 silly audit   pirates: [ '4.0.6' ],
49 silly audit   'postcss-import': [ '15.1.0' ],
49 silly audit   'postcss-js': [ '4.0.1' ],
49 silly audit   'postcss-load-config': [ '4.0.2' ],
49 silly audit   'postcss-nested': [ '6.2.0' ],
49 silly audit   'postcss-selector-parser': [ '6.1.2' ],
49 silly audit   'postcss-value-parser': [ '4.2.0' ],
49 silly audit   'queue-microtask': [ '1.2.3' ],
49 silly audit   react: [ '18.3.1' ],
49 silly audit   'react-dom': [ '18.3.1' ],
49 silly audit   'read-cache': [ '1.0.0' ],
49 silly audit   readdirp: [ '3.6.0' ],
49 silly audit   resolve: [ '1.22.10' ],
49 silly audit   reusify: [ '1.1.0' ],
49 silly audit   'run-parallel': [ '1.2.0' ],
49 silly audit   scheduler: [ '0.23.2' ],
49 silly audit   'shebang-command': [ '2.0.0' ],
49 silly audit   'shebang-regex': [ '3.0.0' ],
49 silly audit   'signal-exit': [ '4.1.0' ],
49 silly audit   'source-map-js': [ '1.2.1' ],
49 silly audit   streamsearch: [ '1.1.0' ],
49 silly audit   'string-width': [ '5.1.2', '4.2.3' ],
49 silly audit   'strip-ansi': [ '6.0.1', '7.1.0' ],
49 silly audit   'styled-jsx': [ '5.1.1' ],
49 silly audit   sucrase: [ '3.35.0' ],
49 silly audit   'supports-preserve-symlinks-flag': [ '1.0.0' ],
49 silly audit   tailwindcss: [ '3.4.17' ],
49 silly audit   thenify: [ '3.3.1' ],
49 silly audit   'thenify-all': [ '1.6.0' ],
49 silly audit   'to-regex-range': [ '5.0.1' ],
49 silly audit   'ts-interface-checker': [ '0.1.13' ],
49 silly audit   tslib: [ '2.8.1' ],
49 silly audit   typescript: [ '5.8.2' ],
49 silly audit   'undici-types': [ '6.19.8' ],
49 silly audit   'update-browserslist-db': [ '1.1.3' ],
49 silly audit   'util-deprecate': [ '1.0.2' ],
49 silly audit   which: [ '2.0.2' ],
49 silly audit   'wrap-ansi': [ '8.1.0', '7.0.0' ],
49 silly audit   yaml: [ '2.7.0' ],
49 silly audit   'next-themes': [ '0.4.4' ],
49 silly audit   'tailwindcss-animate': [ '1.0.7' ]
49 silly audit }
50 verbose reify failed optional dependency C:\Users\clayc\OneDrive - Partner Chain\Documents\GitHub\FSD\node_modules\fsevents
51 silly reify mark deleted [
51 silly reify   'C:\\Users\\clayc\\OneDrive - Partner Chain\\Documents\\GitHub\\FSD\\node_modules\\fsevents'
51 silly reify ]
52 verbose reify failed optional dependency C:\Users\clayc\OneDrive - Partner Chain\Documents\GitHub\FSD\node_modules\@next\swc-win32-x64-msvc
53 silly reify mark deleted [
53 silly reify   'C:\\Users\\clayc\\OneDrive - Partner Chain\\Documents\\GitHub\\FSD\\node_modules\\@next\\swc-win32-x64-msvc'
53 silly reify ]
54 verbose reify failed optional dependency C:\Users\clayc\OneDrive - Partner Chain\Documents\GitHub\FSD\node_modules\@next\swc-win32-ia32-msvc
55 silly reify mark deleted [
55 silly reify   'C:\\Users\\clayc\\OneDrive - Partner Chain\\Documents\\GitHub\\FSD\\node_modules\\@next\\swc-win32-ia32-msvc'
55 silly reify ]
56 verbose reify failed optional dependency C:\Users\clayc\OneDrive - Partner Chain\Documents\GitHub\FSD\node_modules\@next\swc-linux-x64-musl
57 silly reify mark deleted [
57 silly reify   'C:\\Users\\clayc\\OneDrive - Partner Chain\\Documents\\GitHub\\FSD\\node_modules\\@next\\swc-linux-x64-musl'
57 silly reify ]
58 verbose reify failed optional dependency C:\Users\clayc\OneDrive - Partner Chain\Documents\GitHub\FSD\node_modules\@next\swc-linux-x64-gnu
59 silly reify mark deleted [
59 silly reify   'C:\\Users\\clayc\\OneDrive - Partner Chain\\Documents\\GitHub\\FSD\\node_modules\\@next\\swc-linux-x64-gnu'
59 silly reify ]
60 verbose reify failed optional dependency C:\Users\clayc\OneDrive - Partner Chain\Documents\GitHub\FSD\node_modules\@next\swc-linux-arm64-musl
61 silly reify mark deleted [
61 silly reify   'C:\\Users\\clayc\\OneDrive - Partner Chain\\Documents\\GitHub\\FSD\\node_modules\\@next\\swc-linux-arm64-musl'
61 silly reify ]
62 verbose reify failed optional dependency C:\Users\clayc\OneDrive - Partner Chain\Documents\GitHub\FSD\node_modules\@next\swc-linux-arm64-gnu
63 silly reify mark deleted [
63 silly reify   'C:\\Users\\clayc\\OneDrive - Partner Chain\\Documents\\GitHub\\FSD\\node_modules\\@next\\swc-linux-arm64-gnu'
63 silly reify ]
64 verbose reify failed optional dependency C:\Users\clayc\OneDrive - Partner Chain\Documents\GitHub\FSD\node_modules\@next\swc-darwin-x64
65 silly reify mark deleted [
65 silly reify   'C:\\Users\\clayc\\OneDrive - Partner Chain\\Documents\\GitHub\\FSD\\node_modules\\@next\\swc-darwin-x64'
65 silly reify ]
66 verbose reify failed optional dependency C:\Users\clayc\OneDrive - Partner Chain\Documents\GitHub\FSD\node_modules\@next\swc-darwin-arm64
67 silly reify mark deleted [
67 silly reify   'C:\\Users\\clayc\\OneDrive - Partner Chain\\Documents\\GitHub\\FSD\\node_modules\\@next\\swc-darwin-arm64'
67 silly reify ]
68 http cache tailwindcss-animate@https://registry.npmjs.org/tailwindcss-animate/-/tailwindcss-animate-1.0.7.tgz 1ms (cache hit)
69 http cache yaml@https://registry.npmjs.org/yaml/-/yaml-2.7.0.tgz 0ms (cache hit)
70 http cache wrap-ansi@https://registry.npmjs.org/wrap-ansi/-/wrap-ansi-8.1.0.tgz 0ms (cache hit)
71 http cache which@https://registry.npmjs.org/which/-/which-2.0.2.tgz 0ms (cache hit)
72 http cache wrap-ansi-cjs@https://registry.npmjs.org/wrap-ansi/-/wrap-ansi-7.0.0.tgz 0ms (cache hit)
73 http cache update-browserslist-db@https://registry.npmjs.org/update-browserslist-db/-/update-browserslist-db-1.1.3.tgz 0ms (cache hit)
74 http cache undici-types@https://registry.npmjs.org/undici-types/-/undici-types-6.19.8.tgz 0ms (cache hit)
75 http cache tslib@https://registry.npmjs.org/tslib/-/tslib-2.8.1.tgz 0ms (cache hit)
76 http cache to-regex-range@https://registry.npmjs.org/to-regex-range/-/to-regex-range-5.0.1.tgz 0ms (cache hit)
77 http cache ts-interface-checker@https://registry.npmjs.org/ts-interface-checker/-/ts-interface-checker-0.1.13.tgz 0ms (cache hit)
78 http cache thenify@https://registry.npmjs.org/thenify/-/thenify-3.3.1.tgz 0ms (cache hit)
79 http cache sucrase@https://registry.npmjs.org/sucrase/-/sucrase-3.35.0.tgz 0ms (cache hit)
80 http cache strip-ansi-cjs@https://registry.npmjs.org/strip-ansi/-/strip-ansi-6.0.1.tgz 0ms (cache hit)
81 http cache styled-jsx@https://registry.npmjs.org/styled-jsx/-/styled-jsx-5.1.1.tgz 0ms (cache hit)
82 http cache thenify-all@https://registry.npmjs.org/thenify-all/-/thenify-all-1.6.0.tgz 0ms (cache hit)
83 http cache strip-ansi@https://registry.npmjs.org/strip-ansi/-/strip-ansi-7.1.0.tgz 0ms (cache hit)
84 http cache string-width-cjs@https://registry.npmjs.org/string-width/-/string-width-4.2.3.tgz 0ms (cache hit)
85 http cache string-width@https://registry.npmjs.org/string-width/-/string-width-5.1.2.tgz 0ms (cache hit)
86 http cache streamsearch@https://registry.npmjs.org/streamsearch/-/streamsearch-1.1.0.tgz 0ms (cache hit)
87 http cache signal-exit@https://registry.npmjs.org/signal-exit/-/signal-exit-4.1.0.tgz 0ms (cache hit)
88 http cache source-map-js@https://registry.npmjs.org/source-map-js/-/source-map-js-1.2.1.tgz 0ms (cache hit)
89 http cache shebang-regex@https://registry.npmjs.org/shebang-regex/-/shebang-regex-3.0.0.tgz 0ms (cache hit)
90 http cache shebang-command@https://registry.npmjs.org/shebang-command/-/shebang-command-2.0.0.tgz 0ms (cache hit)
91 http cache run-parallel@https://registry.npmjs.org/run-parallel/-/run-parallel-1.2.0.tgz 0ms (cache hit)
92 http cache scheduler@https://registry.npmjs.org/scheduler/-/scheduler-0.23.2.tgz 0ms (cache hit)
93 http cache supports-preserve-symlinks-flag@https://registry.npmjs.org/supports-preserve-symlinks-flag/-/supports-preserve-symlinks-flag-1.0.0.tgz 0ms (cache hit)
94 http cache util-deprecate@https://registry.npmjs.org/util-deprecate/-/util-deprecate-1.0.2.tgz 0ms (cache hit)
95 http cache reusify@https://registry.npmjs.org/reusify/-/reusify-1.1.0.tgz 0ms (cache hit)
96 http cache resolve@https://registry.npmjs.org/resolve/-/resolve-1.22.10.tgz 0ms (cache hit)
97 http cache readdirp@https://registry.npmjs.org/readdirp/-/readdirp-3.6.0.tgz 0ms (cache hit)
98 http cache read-cache@https://registry.npmjs.org/read-cache/-/read-cache-1.0.0.tgz 0ms (cache hit)
99 http cache queue-microtask@https://registry.npmjs.org/queue-microtask/-/queue-microtask-1.2.3.tgz 0ms (cache hit)
100 http cache postcss-value-parser@https://registry.npmjs.org/postcss-value-parser/-/postcss-value-parser-4.2.0.tgz 0ms (cache hit)
101 http cache postcss-selector-parser@https://registry.npmjs.org/postcss-selector-parser/-/postcss-selector-parser-6.1.2.tgz 0ms (cache hit)
102 http cache postcss-js@https://registry.npmjs.org/postcss-js/-/postcss-js-4.0.1.tgz 0ms (cache hit)
103 http cache postcss-load-config@https://registry.npmjs.org/postcss-load-config/-/postcss-load-config-4.0.2.tgz 0ms (cache hit)
104 http cache postcss-import@https://registry.npmjs.org/postcss-import/-/postcss-import-15.1.0.tgz 0ms (cache hit)
105 http cache picomatch@https://registry.npmjs.org/picomatch/-/picomatch-2.3.1.tgz 0ms (cache hit)
106 http cache pify@https://registry.npmjs.org/pify/-/pify-2.3.0.tgz 0ms (cache hit)
107 http cache pirates@https://registry.npmjs.org/pirates/-/pirates-4.0.6.tgz 0ms (cache hit)
108 http cache postcss-nested@https://registry.npmjs.org/postcss-nested/-/postcss-nested-6.2.0.tgz 0ms (cache hit)
109 http cache picocolors@https://registry.npmjs.org/picocolors/-/picocolors-1.1.1.tgz 0ms (cache hit)
110 http cache path-scurry@https://registry.npmjs.org/path-scurry/-/path-scurry-1.11.1.tgz 0ms (cache hit)
111 http cache path-parse@https://registry.npmjs.org/path-parse/-/path-parse-1.0.7.tgz 0ms (cache hit)
112 http cache object-hash@https://registry.npmjs.org/object-hash/-/object-hash-3.0.0.tgz 0ms (cache hit)
113 http cache package-json-from-dist@https://registry.npmjs.org/package-json-from-dist/-/package-json-from-dist-1.0.1.tgz 0ms (cache hit)
114 http cache object-assign@https://registry.npmjs.org/object-assign/-/object-assign-4.1.1.tgz 0ms (cache hit)
115 http cache normalize-range@https://registry.npmjs.org/normalize-range/-/normalize-range-0.1.2.tgz 0ms (cache hit)
116 http cache normalize-path@https://registry.npmjs.org/normalize-path/-/normalize-path-3.0.0.tgz 0ms (cache hit)
117 http cache path-key@https://registry.npmjs.org/path-key/-/path-key-3.1.1.tgz 0ms (cache hit)
118 http cache node-releases@https://registry.npmjs.org/node-releases/-/node-releases-2.0.19.tgz 0ms (cache hit)
119 http cache mz@https://registry.npmjs.org/mz/-/mz-2.7.0.tgz 0ms (cache hit)
120 http cache minimatch@https://registry.npmjs.org/minimatch/-/minimatch-9.0.5.tgz 0ms (cache hit)
121 http cache minipass@https://registry.npmjs.org/minipass/-/minipass-7.1.2.tgz 0ms (cache hit)
122 http cache merge2@https://registry.npmjs.org/merge2/-/merge2-1.4.1.tgz 0ms (cache hit)
123 http cache nanoid@https://registry.npmjs.org/nanoid/-/nanoid-3.3.9.tgz 0ms (cache hit)
124 http cache micromatch@https://registry.npmjs.org/micromatch/-/micromatch-4.0.8.tgz 0ms (cache hit)
125 http cache lru-cache@https://registry.npmjs.org/lru-cache/-/lru-cache-10.4.3.tgz 0ms (cache hit)
126 http cache lines-and-columns@https://registry.npmjs.org/lines-and-columns/-/lines-and-columns-1.2.4.tgz 0ms (cache hit)
127 http cache loose-envify@https://registry.npmjs.org/loose-envify/-/loose-envify-1.4.0.tgz 0ms (cache hit)
128 http cache lilconfig@https://registry.npmjs.org/lilconfig/-/lilconfig-3.1.3.tgz 0ms (cache hit)
129 http cache js-tokens@https://registry.npmjs.org/js-tokens/-/js-tokens-4.0.0.tgz 0ms (cache hit)
130 http cache jiti@https://registry.npmjs.org/jiti/-/jiti-1.21.7.tgz 0ms (cache hit)
131 http cache isexe@https://registry.npmjs.org/isexe/-/isexe-2.0.0.tgz 0ms (cache hit)
132 http cache jackspeak@https://registry.npmjs.org/jackspeak/-/jackspeak-3.4.3.tgz 0ms (cache hit)
133 http cache is-number@https://registry.npmjs.org/is-number/-/is-number-7.0.0.tgz 0ms (cache hit)
134 http cache is-extglob@https://registry.npmjs.org/is-extglob/-/is-extglob-2.1.1.tgz 0ms (cache hit)
135 http cache is-core-module@https://registry.npmjs.org/is-core-module/-/is-core-module-2.16.1.tgz 0ms (cache hit)
136 http cache is-fullwidth-code-point@https://registry.npmjs.org/is-fullwidth-code-point/-/is-fullwidth-code-point-3.0.0.tgz 0ms (cache hit)
137 http cache is-glob@https://registry.npmjs.org/is-glob/-/is-glob-4.0.3.tgz 0ms (cache hit)
138 http cache is-binary-path@https://registry.npmjs.org/is-binary-path/-/is-binary-path-2.1.0.tgz 0ms (cache hit)
139 http cache graceful-fs@https://registry.npmjs.org/graceful-fs/-/graceful-fs-4.2.11.tgz 0ms (cache hit)
140 http cache hasown@https://registry.npmjs.org/hasown/-/hasown-2.0.2.tgz 0ms (cache hit)
141 http cache glob-parent@https://registry.npmjs.org/glob-parent/-/glob-parent-6.0.2.tgz 0ms (cache hit)
142 http cache function-bind@https://registry.npmjs.org/function-bind/-/function-bind-1.1.2.tgz 0ms (cache hit)
143 http cache glob@https://registry.npmjs.org/glob/-/glob-10.4.5.tgz 0ms (cache hit)
144 http cache foreground-child@https://registry.npmjs.org/foreground-child/-/foreground-child-3.3.1.tgz 0ms (cache hit)
145 http cache fraction.js@https://registry.npmjs.org/fraction.js/-/fraction.js-4.3.7.tgz 0ms (cache hit)
146 http cache fill-range@https://registry.npmjs.org/fill-range/-/fill-range-7.1.1.tgz 0ms (cache hit)
147 http cache fastq@https://registry.npmjs.org/fastq/-/fastq-1.19.1.tgz 0ms (cache hit)
148 http cache fast-glob@https://registry.npmjs.org/fast-glob/-/fast-glob-3.3.3.tgz 0ms (cache hit)
149 http cache emoji-regex@https://registry.npmjs.org/emoji-regex/-/emoji-regex-9.2.2.tgz 0ms (cache hit)
150 http cache eastasianwidth@https://registry.npmjs.org/eastasianwidth/-/eastasianwidth-0.2.0.tgz 0ms (cache hit)
151 http cache dlv@https://registry.npmjs.org/dlv/-/dlv-1.1.3.tgz 0ms (cache hit)
152 http cache escalade@https://registry.npmjs.org/escalade/-/escalade-3.2.0.tgz 0ms (cache hit)
153 http cache didyoumean@https://registry.npmjs.org/didyoumean/-/didyoumean-1.2.2.tgz 0ms (cache hit)
154 http cache electron-to-chromium@https://registry.npmjs.org/electron-to-chromium/-/electron-to-chromium-1.5.113.tgz 0ms (cache hit)
155 http cache csstype@https://registry.npmjs.org/csstype/-/csstype-3.1.3.tgz 0ms (cache hit)
156 http cache cross-spawn@https://registry.npmjs.org/cross-spawn/-/cross-spawn-7.0.6.tgz 0ms (cache hit)
157 http cache cssesc@https://registry.npmjs.org/cssesc/-/cssesc-3.0.0.tgz 0ms (cache hit)
158 http cache color-convert@https://registry.npmjs.org/color-convert/-/color-convert-2.0.1.tgz 0ms (cache hit)
159 http cache commander@https://registry.npmjs.org/commander/-/commander-4.1.1.tgz 0ms (cache hit)
160 http cache color-name@https://registry.npmjs.org/color-name/-/color-name-1.1.4.tgz 0ms (cache hit)
161 http cache client-only@https://registry.npmjs.org/client-only/-/client-only-0.0.1.tgz 0ms (cache hit)
162 http cache chokidar@https://registry.npmjs.org/chokidar/-/chokidar-3.6.0.tgz 0ms (cache hit)
163 http cache camelcase-css@https://registry.npmjs.org/camelcase-css/-/camelcase-css-2.0.1.tgz 0ms (cache hit)
164 http cache caniuse-lite@https://registry.npmjs.org/caniuse-lite/-/caniuse-lite-1.0.30001702.tgz 0ms (cache hit)
165 http cache busboy@https://registry.npmjs.org/busboy/-/busboy-1.6.0.tgz 0ms (cache hit)
166 http cache browserslist@https://registry.npmjs.org/browserslist/-/browserslist-4.24.4.tgz 0ms (cache hit)
167 http cache brace-expansion@https://registry.npmjs.org/brace-expansion/-/brace-expansion-2.0.1.tgz 0ms (cache hit)
168 http cache binary-extensions@https://registry.npmjs.org/binary-extensions/-/binary-extensions-2.3.0.tgz 0ms (cache hit)
169 http cache braces@https://registry.npmjs.org/braces/-/braces-3.0.3.tgz 0ms (cache hit)
170 http cache balanced-match@https://registry.npmjs.org/balanced-match/-/balanced-match-1.0.2.tgz 0ms (cache hit)
171 http cache arg@https://registry.npmjs.org/arg/-/arg-5.0.2.tgz 0ms (cache hit)
172 http cache @types/prop-types@https://registry.npmjs.org/@types/prop-types/-/prop-types-15.7.14.tgz 0ms (cache hit)
173 http cache any-promise@https://registry.npmjs.org/any-promise/-/any-promise-1.3.0.tgz 0ms (cache hit)
174 http cache anymatch@https://registry.npmjs.org/anymatch/-/anymatch-3.1.3.tgz 0ms (cache hit)
175 http cache @swc/helpers@https://registry.npmjs.org/@swc/helpers/-/helpers-0.5.2.tgz 0ms (cache hit)
176 http cache ansi-regex@https://registry.npmjs.org/ansi-regex/-/ansi-regex-6.1.0.tgz 0ms (cache hit)
177 http cache ansi-styles@https://registry.npmjs.org/ansi-styles/-/ansi-styles-6.2.1.tgz 0ms (cache hit)
178 http cache @pkgjs/parseargs@https://registry.npmjs.org/@pkgjs/parseargs/-/parseargs-0.11.0.tgz 0ms (cache hit)
179 http cache @nodelib/fs.stat@https://registry.npmjs.org/@nodelib/fs.stat/-/fs.stat-2.0.5.tgz 0ms (cache hit)
180 http cache @nodelib/fs.walk@https://registry.npmjs.org/@nodelib/fs.walk/-/fs.walk-1.2.8.tgz 0ms (cache hit)
181 http cache @nodelib/fs.scandir@https://registry.npmjs.org/@nodelib/fs.scandir/-/fs.scandir-2.1.5.tgz 0ms (cache hit)
182 http cache @next/swc-win32-arm64-msvc@https://registry.npmjs.org/@next/swc-win32-arm64-msvc/-/swc-win32-arm64-msvc-14.1.0.tgz 0ms (cache hit)
183 http cache @next/env@https://registry.npmjs.org/@next/env/-/env-14.1.0.tgz 0ms (cache hit)
184 http cache @jridgewell/trace-mapping@https://registry.npmjs.org/@jridgewell/trace-mapping/-/trace-mapping-0.3.25.tgz 0ms (cache hit)
185 http cache @alloc/quick-lru@https://registry.npmjs.org/@alloc/quick-lru/-/quick-lru-5.2.0.tgz 0ms (cache hit)
186 http cache @jridgewell/sourcemap-codec@https://registry.npmjs.org/@jridgewell/sourcemap-codec/-/sourcemap-codec-1.5.0.tgz 0ms (cache hit)
187 http cache @jridgewell/set-array@https://registry.npmjs.org/@jridgewell/set-array/-/set-array-1.2.1.tgz 0ms (cache hit)
188 http cache @isaacs/cliui@https://registry.npmjs.org/@isaacs/cliui/-/cliui-8.0.2.tgz 0ms (cache hit)
189 http cache @jridgewell/resolve-uri@https://registry.npmjs.org/@jridgewell/resolve-uri/-/resolve-uri-3.1.2.tgz 0ms (cache hit)
190 http cache typescript@https://registry.npmjs.org/typescript/-/typescript-5.8.2.tgz 0ms (cache hit)
191 http cache @jridgewell/gen-mapping@https://registry.npmjs.org/@jridgewell/gen-mapping/-/gen-mapping-0.3.8.tgz 0ms (cache hit)
192 http cache next@https://registry.npmjs.org/next/-/next-14.1.0.tgz 0ms (cache hit)
193 http cache @types/react-dom@https://registry.npmjs.org/@types/react-dom/-/react-dom-18.3.5.tgz 0ms (cache hit)
194 http cache @types/react@https://registry.npmjs.org/@types/react/-/react-18.3.18.tgz 0ms (cache hit)
195 http cache tailwindcss@https://registry.npmjs.org/tailwindcss/-/tailwindcss-3.4.17.tgz 0ms (cache hit)
196 http cache @types/node@https://registry.npmjs.org/@types/node/-/node-20.17.23.tgz 0ms (cache hit)
197 http cache postcss@https://registry.npmjs.org/postcss/-/postcss-8.5.3.tgz 0ms (cache hit)
198 http cache react-dom@https://registry.npmjs.org/react-dom/-/react-dom-18.3.1.tgz 0ms (cache hit)
199 http cache react@https://registry.npmjs.org/react/-/react-18.3.1.tgz 0ms (cache hit)
200 http cache autoprefixer@https://registry.npmjs.org/autoprefixer/-/autoprefixer-10.4.20.tgz 0ms (cache hit)
201 http cache next-themes@https://registry.npmjs.org/next-themes/-/next-themes-0.4.4.tgz 0ms (cache hit)
202 http cache strip-ansi@https://registry.npmjs.org/strip-ansi/-/strip-ansi-6.0.1.tgz 0ms (cache hit)
203 http cache emoji-regex@https://registry.npmjs.org/emoji-regex/-/emoji-regex-8.0.0.tgz 0ms (cache hit)
204 http cache emoji-regex@https://registry.npmjs.org/emoji-regex/-/emoji-regex-8.0.0.tgz 0ms (cache hit)
205 http cache ansi-regex@https://registry.npmjs.org/ansi-regex/-/ansi-regex-5.0.1.tgz 0ms (cache hit)
206 http cache strip-ansi@https://registry.npmjs.org/strip-ansi/-/strip-ansi-6.0.1.tgz 0ms (cache hit)
207 http cache string-width@https://registry.npmjs.org/string-width/-/string-width-4.2.3.tgz 0ms (cache hit)
208 http cache ansi-regex@https://registry.npmjs.org/ansi-regex/-/ansi-regex-5.0.1.tgz 0ms (cache hit)
209 http cache ansi-styles@https://registry.npmjs.org/ansi-styles/-/ansi-styles-4.3.0.tgz 0ms (cache hit)
210 http cache glob-parent@https://registry.npmjs.org/glob-parent/-/glob-parent-5.1.2.tgz 0ms (cache hit)
211 http cache glob-parent@https://registry.npmjs.org/glob-parent/-/glob-parent-5.1.2.tgz 0ms (cache hit)
212 http cache postcss@https://registry.npmjs.org/postcss/-/postcss-8.4.31.tgz 0ms (cache hit)
213 silly tarball no local data for tailwindcss-animate@https://registry.npmjs.org/tailwindcss-animate/-/tailwindcss-animate-1.0.7.tgz. Extracting by manifest.
214 silly tarball no local data for yaml@https://registry.npmjs.org/yaml/-/yaml-2.7.0.tgz. Extracting by manifest.
215 silly tarball no local data for wrap-ansi@https://registry.npmjs.org/wrap-ansi/-/wrap-ansi-8.1.0.tgz. Extracting by manifest.
216 silly tarball no local data for which@https://registry.npmjs.org/which/-/which-2.0.2.tgz. Extracting by manifest.
217 silly tarball no local data for wrap-ansi-cjs@https://registry.npmjs.org/wrap-ansi/-/wrap-ansi-7.0.0.tgz. Extracting by manifest.
218 silly tarball no local data for update-browserslist-db@https://registry.npmjs.org/update-browserslist-db/-/update-browserslist-db-1.1.3.tgz. Extracting by manifest.
219 http cache ansi-regex@https://registry.npmjs.org/ansi-regex/-/ansi-regex-5.0.1.tgz 0ms (cache hit)
220 silly tarball no local data for undici-types@https://registry.npmjs.org/undici-types/-/undici-types-6.19.8.tgz. Extracting by manifest.
221 silly tarball no local data for tslib@https://registry.npmjs.org/tslib/-/tslib-2.8.1.tgz. Extracting by manifest.
222 silly tarball no local data for to-regex-range@https://registry.npmjs.org/to-regex-range/-/to-regex-range-5.0.1.tgz. Extracting by manifest.
223 silly tarball no local data for ts-interface-checker@https://registry.npmjs.org/ts-interface-checker/-/ts-interface-checker-0.1.13.tgz. Extracting by manifest.
224 silly tarball no local data for thenify@https://registry.npmjs.org/thenify/-/thenify-3.3.1.tgz. Extracting by manifest.
225 silly tarball no local data for sucrase@https://registry.npmjs.org/sucrase/-/sucrase-3.35.0.tgz. Extracting by manifest.
226 silly tarball no local data for strip-ansi-cjs@https://registry.npmjs.org/strip-ansi/-/strip-ansi-6.0.1.tgz. Extracting by manifest.
227 silly tarball no local data for styled-jsx@https://registry.npmjs.org/styled-jsx/-/styled-jsx-5.1.1.tgz. Extracting by manifest.
228 silly tarball no local data for thenify-all@https://registry.npmjs.org/thenify-all/-/thenify-all-1.6.0.tgz. Extracting by manifest.
229 silly tarball no local data for strip-ansi@https://registry.npmjs.org/strip-ansi/-/strip-ansi-7.1.0.tgz. Extracting by manifest.
230 silly tarball no local data for string-width-cjs@https://registry.npmjs.org/string-width/-/string-width-4.2.3.tgz. Extracting by manifest.
231 silly tarball no local data for string-width@https://registry.npmjs.org/string-width/-/string-width-5.1.2.tgz. Extracting by manifest.
232 silly tarball no local data for streamsearch@https://registry.npmjs.org/streamsearch/-/streamsearch-1.1.0.tgz. Extracting by manifest.
233 silly tarball no local data for signal-exit@https://registry.npmjs.org/signal-exit/-/signal-exit-4.1.0.tgz. Extracting by manifest.
234 silly tarball no local data for source-map-js@https://registry.npmjs.org/source-map-js/-/source-map-js-1.2.1.tgz. Extracting by manifest.
235 silly tarball no local data for shebang-regex@https://registry.npmjs.org/shebang-regex/-/shebang-regex-3.0.0.tgz. Extracting by manifest.
236 silly tarball no local data for shebang-command@https://registry.npmjs.org/shebang-command/-/shebang-command-2.0.0.tgz. Extracting by manifest.
237 silly tarball no local data for run-parallel@https://registry.npmjs.org/run-parallel/-/run-parallel-1.2.0.tgz. Extracting by manifest.
238 silly tarball no local data for scheduler@https://registry.npmjs.org/scheduler/-/scheduler-0.23.2.tgz. Extracting by manifest.
239 silly tarball no local data for supports-preserve-symlinks-flag@https://registry.npmjs.org/supports-preserve-symlinks-flag/-/supports-preserve-symlinks-flag-1.0.0.tgz. Extracting by manifest.
240 silly tarball no local data for util-deprecate@https://registry.npmjs.org/util-deprecate/-/util-deprecate-1.0.2.tgz. Extracting by manifest.
241 silly tarball no local data for reusify@https://registry.npmjs.org/reusify/-/reusify-1.1.0.tgz. Extracting by manifest.
242 silly tarball no local data for resolve@https://registry.npmjs.org/resolve/-/resolve-1.22.10.tgz. Extracting by manifest.
243 silly tarball no local data for readdirp@https://registry.npmjs.org/readdirp/-/readdirp-3.6.0.tgz. Extracting by manifest.
244 silly tarball no local data for read-cache@https://registry.npmjs.org/read-cache/-/read-cache-1.0.0.tgz. Extracting by manifest.
245 silly tarball no local data for queue-microtask@https://registry.npmjs.org/queue-microtask/-/queue-microtask-1.2.3.tgz. Extracting by manifest.
246 silly tarball no local data for postcss-value-parser@https://registry.npmjs.org/postcss-value-parser/-/postcss-value-parser-4.2.0.tgz. Extracting by manifest.
247 silly tarball no local data for postcss-selector-parser@https://registry.npmjs.org/postcss-selector-parser/-/postcss-selector-parser-6.1.2.tgz. Extracting by manifest.
248 silly tarball no local data for postcss-js@https://registry.npmjs.org/postcss-js/-/postcss-js-4.0.1.tgz. Extracting by manifest.
249 silly tarball no local data for postcss-load-config@https://registry.npmjs.org/postcss-load-config/-/postcss-load-config-4.0.2.tgz. Extracting by manifest.
250 silly tarball no local data for postcss-import@https://registry.npmjs.org/postcss-import/-/postcss-import-15.1.0.tgz. Extracting by manifest.
251 silly tarball no local data for picomatch@https://registry.npmjs.org/picomatch/-/picomatch-2.3.1.tgz. Extracting by manifest.
252 silly tarball no local data for pify@https://registry.npmjs.org/pify/-/pify-2.3.0.tgz. Extracting by manifest.
253 silly tarball no local data for pirates@https://registry.npmjs.org/pirates/-/pirates-4.0.6.tgz. Extracting by manifest.
254 silly tarball no local data for postcss-nested@https://registry.npmjs.org/postcss-nested/-/postcss-nested-6.2.0.tgz. Extracting by manifest.
255 silly tarball no local data for picocolors@https://registry.npmjs.org/picocolors/-/picocolors-1.1.1.tgz. Extracting by manifest.
256 silly tarball no local data for path-scurry@https://registry.npmjs.org/path-scurry/-/path-scurry-1.11.1.tgz. Extracting by manifest.
257 silly tarball no local data for path-parse@https://registry.npmjs.org/path-parse/-/path-parse-1.0.7.tgz. Extracting by manifest.
258 silly tarball no local data for object-hash@https://registry.npmjs.org/object-hash/-/object-hash-3.0.0.tgz. Extracting by manifest.
259 silly tarball no local data for package-json-from-dist@https://registry.npmjs.org/package-json-from-dist/-/package-json-from-dist-1.0.1.tgz. Extracting by manifest.
260 silly tarball no local data for object-assign@https://registry.npmjs.org/object-assign/-/object-assign-4.1.1.tgz. Extracting by manifest.
261 silly tarball no local data for normalize-range@https://registry.npmjs.org/normalize-range/-/normalize-range-0.1.2.tgz. Extracting by manifest.
262 silly tarball no local data for normalize-path@https://registry.npmjs.org/normalize-path/-/normalize-path-3.0.0.tgz. Extracting by manifest.
263 silly tarball no local data for path-key@https://registry.npmjs.org/path-key/-/path-key-3.1.1.tgz. Extracting by manifest.
264 silly tarball no local data for node-releases@https://registry.npmjs.org/node-releases/-/node-releases-2.0.19.tgz. Extracting by manifest.
265 silly tarball no local data for mz@https://registry.npmjs.org/mz/-/mz-2.7.0.tgz. Extracting by manifest.
266 silly tarball no local data for minimatch@https://registry.npmjs.org/minimatch/-/minimatch-9.0.5.tgz. Extracting by manifest.
267 silly tarball no local data for minipass@https://registry.npmjs.org/minipass/-/minipass-7.1.2.tgz. Extracting by manifest.
268 silly tarball no local data for merge2@https://registry.npmjs.org/merge2/-/merge2-1.4.1.tgz. Extracting by manifest.
269 silly tarball no local data for nanoid@https://registry.npmjs.org/nanoid/-/nanoid-3.3.9.tgz. Extracting by manifest.
270 silly tarball no local data for micromatch@https://registry.npmjs.org/micromatch/-/micromatch-4.0.8.tgz. Extracting by manifest.
271 silly tarball no local data for lru-cache@https://registry.npmjs.org/lru-cache/-/lru-cache-10.4.3.tgz. Extracting by manifest.
272 silly tarball no local data for lines-and-columns@https://registry.npmjs.org/lines-and-columns/-/lines-and-columns-1.2.4.tgz. Extracting by manifest.
273 silly tarball no local data for loose-envify@https://registry.npmjs.org/loose-envify/-/loose-envify-1.4.0.tgz. Extracting by manifest.
274 silly tarball no local data for lilconfig@https://registry.npmjs.org/lilconfig/-/lilconfig-3.1.3.tgz. Extracting by manifest.
275 silly tarball no local data for js-tokens@https://registry.npmjs.org/js-tokens/-/js-tokens-4.0.0.tgz. Extracting by manifest.
276 silly tarball no local data for jiti@https://registry.npmjs.org/jiti/-/jiti-1.21.7.tgz. Extracting by manifest.
277 silly tarball no local data for isexe@https://registry.npmjs.org/isexe/-/isexe-2.0.0.tgz. Extracting by manifest.
278 silly tarball no local data for jackspeak@https://registry.npmjs.org/jackspeak/-/jackspeak-3.4.3.tgz. Extracting by manifest.
279 silly tarball no local data for is-number@https://registry.npmjs.org/is-number/-/is-number-7.0.0.tgz. Extracting by manifest.
280 silly tarball no local data for is-core-module@https://registry.npmjs.org/is-core-module/-/is-core-module-2.16.1.tgz. Extracting by manifest.
281 silly tarball no local data for is-extglob@https://registry.npmjs.org/is-extglob/-/is-extglob-2.1.1.tgz. Extracting by manifest.
282 silly tarball no local data for is-fullwidth-code-point@https://registry.npmjs.org/is-fullwidth-code-point/-/is-fullwidth-code-point-3.0.0.tgz. Extracting by manifest.
283 silly tarball no local data for is-glob@https://registry.npmjs.org/is-glob/-/is-glob-4.0.3.tgz. Extracting by manifest.
284 silly tarball no local data for is-binary-path@https://registry.npmjs.org/is-binary-path/-/is-binary-path-2.1.0.tgz. Extracting by manifest.
285 silly tarball no local data for graceful-fs@https://registry.npmjs.org/graceful-fs/-/graceful-fs-4.2.11.tgz. Extracting by manifest.
286 silly tarball no local data for hasown@https://registry.npmjs.org/hasown/-/hasown-2.0.2.tgz. Extracting by manifest.
287 silly tarball no local data for glob-parent@https://registry.npmjs.org/glob-parent/-/glob-parent-6.0.2.tgz. Extracting by manifest.
288 silly tarball no local data for function-bind@https://registry.npmjs.org/function-bind/-/function-bind-1.1.2.tgz. Extracting by manifest.
289 silly tarball no local data for glob@https://registry.npmjs.org/glob/-/glob-10.4.5.tgz. Extracting by manifest.
290 silly tarball no local data for foreground-child@https://registry.npmjs.org/foreground-child/-/foreground-child-3.3.1.tgz. Extracting by manifest.
291 silly tarball no local data for fraction.js@https://registry.npmjs.org/fraction.js/-/fraction.js-4.3.7.tgz. Extracting by manifest.
292 silly tarball no local data for fill-range@https://registry.npmjs.org/fill-range/-/fill-range-7.1.1.tgz. Extracting by manifest.
293 silly tarball no local data for fastq@https://registry.npmjs.org/fastq/-/fastq-1.19.1.tgz. Extracting by manifest.
294 silly tarball no local data for fast-glob@https://registry.npmjs.org/fast-glob/-/fast-glob-3.3.3.tgz. Extracting by manifest.
295 silly tarball no local data for emoji-regex@https://registry.npmjs.org/emoji-regex/-/emoji-regex-9.2.2.tgz. Extracting by manifest.
296 silly tarball no local data for eastasianwidth@https://registry.npmjs.org/eastasianwidth/-/eastasianwidth-0.2.0.tgz. Extracting by manifest.
297 silly tarball no local data for dlv@https://registry.npmjs.org/dlv/-/dlv-1.1.3.tgz. Extracting by manifest.
298 silly tarball no local data for escalade@https://registry.npmjs.org/escalade/-/escalade-3.2.0.tgz. Extracting by manifest.
299 silly tarball no local data for didyoumean@https://registry.npmjs.org/didyoumean/-/didyoumean-1.2.2.tgz. Extracting by manifest.
300 silly tarball no local data for electron-to-chromium@https://registry.npmjs.org/electron-to-chromium/-/electron-to-chromium-1.5.113.tgz. Extracting by manifest.
301 silly tarball no local data for csstype@https://registry.npmjs.org/csstype/-/csstype-3.1.3.tgz. Extracting by manifest.
302 silly tarball no local data for cross-spawn@https://registry.npmjs.org/cross-spawn/-/cross-spawn-7.0.6.tgz. Extracting by manifest.
303 silly tarball no local data for cssesc@https://registry.npmjs.org/cssesc/-/cssesc-3.0.0.tgz. Extracting by manifest.
304 silly tarball no local data for color-convert@https://registry.npmjs.org/color-convert/-/color-convert-2.0.1.tgz. Extracting by manifest.
305 silly tarball no local data for commander@https://registry.npmjs.org/commander/-/commander-4.1.1.tgz. Extracting by manifest.
306 silly tarball no local data for color-name@https://registry.npmjs.org/color-name/-/color-name-1.1.4.tgz. Extracting by manifest.
307 silly tarball no local data for client-only@https://registry.npmjs.org/client-only/-/client-only-0.0.1.tgz. Extracting by manifest.
308 silly tarball no local data for chokidar@https://registry.npmjs.org/chokidar/-/chokidar-3.6.0.tgz. Extracting by manifest.
309 silly tarball no local data for camelcase-css@https://registry.npmjs.org/camelcase-css/-/camelcase-css-2.0.1.tgz. Extracting by manifest.
310 silly tarball no local data for caniuse-lite@https://registry.npmjs.org/caniuse-lite/-/caniuse-lite-1.0.30001702.tgz. Extracting by manifest.
311 silly tarball no local data for busboy@https://registry.npmjs.org/busboy/-/busboy-1.6.0.tgz. Extracting by manifest.
312 silly tarball no local data for browserslist@https://registry.npmjs.org/browserslist/-/browserslist-4.24.4.tgz. Extracting by manifest.
313 silly tarball no local data for brace-expansion@https://registry.npmjs.org/brace-expansion/-/brace-expansion-2.0.1.tgz. Extracting by manifest.
314 silly tarball no local data for binary-extensions@https://registry.npmjs.org/binary-extensions/-/binary-extensions-2.3.0.tgz. Extracting by manifest.
315 silly tarball no local data for braces@https://registry.npmjs.org/braces/-/braces-3.0.3.tgz. Extracting by manifest.
316 silly tarball no local data for balanced-match@https://registry.npmjs.org/balanced-match/-/balanced-match-1.0.2.tgz. Extracting by manifest.
317 silly tarball no local data for arg@https://registry.npmjs.org/arg/-/arg-5.0.2.tgz. Extracting by manifest.
318 silly tarball no local data for @types/prop-types@https://registry.npmjs.org/@types/prop-types/-/prop-types-15.7.14.tgz. Extracting by manifest.
319 silly tarball no local data for any-promise@https://registry.npmjs.org/any-promise/-/any-promise-1.3.0.tgz. Extracting by manifest.
320 silly tarball no local data for anymatch@https://registry.npmjs.org/anymatch/-/anymatch-3.1.3.tgz. Extracting by manifest.
321 silly tarball no local data for @swc/helpers@https://registry.npmjs.org/@swc/helpers/-/helpers-0.5.2.tgz. Extracting by manifest.
322 silly tarball no local data for ansi-regex@https://registry.npmjs.org/ansi-regex/-/ansi-regex-6.1.0.tgz. Extracting by manifest.
323 silly tarball no local data for ansi-styles@https://registry.npmjs.org/ansi-styles/-/ansi-styles-6.2.1.tgz. Extracting by manifest.
324 silly tarball no local data for @pkgjs/parseargs@https://registry.npmjs.org/@pkgjs/parseargs/-/parseargs-0.11.0.tgz. Extracting by manifest.
325 silly tarball no local data for @nodelib/fs.stat@https://registry.npmjs.org/@nodelib/fs.stat/-/fs.stat-2.0.5.tgz. Extracting by manifest.
326 silly tarball no local data for @nodelib/fs.walk@https://registry.npmjs.org/@nodelib/fs.walk/-/fs.walk-1.2.8.tgz. Extracting by manifest.
327 silly tarball no local data for @nodelib/fs.scandir@https://registry.npmjs.org/@nodelib/fs.scandir/-/fs.scandir-2.1.5.tgz. Extracting by manifest.
328 silly tarball no local data for @next/swc-win32-arm64-msvc@https://registry.npmjs.org/@next/swc-win32-arm64-msvc/-/swc-win32-arm64-msvc-14.1.0.tgz. Extracting by manifest.
329 silly tarball no local data for @next/env@https://registry.npmjs.org/@next/env/-/env-14.1.0.tgz. Extracting by manifest.
330 silly tarball no local data for @jridgewell/trace-mapping@https://registry.npmjs.org/@jridgewell/trace-mapping/-/trace-mapping-0.3.25.tgz. Extracting by manifest.
331 silly tarball no local data for @alloc/quick-lru@https://registry.npmjs.org/@alloc/quick-lru/-/quick-lru-5.2.0.tgz. Extracting by manifest.
332 silly tarball no local data for @jridgewell/sourcemap-codec@https://registry.npmjs.org/@jridgewell/sourcemap-codec/-/sourcemap-codec-1.5.0.tgz. Extracting by manifest.
333 silly tarball no local data for @jridgewell/set-array@https://registry.npmjs.org/@jridgewell/set-array/-/set-array-1.2.1.tgz. Extracting by manifest.
334 silly tarball no local data for @isaacs/cliui@https://registry.npmjs.org/@isaacs/cliui/-/cliui-8.0.2.tgz. Extracting by manifest.
335 silly tarball no local data for @jridgewell/resolve-uri@https://registry.npmjs.org/@jridgewell/resolve-uri/-/resolve-uri-3.1.2.tgz. Extracting by manifest.
336 silly tarball no local data for typescript@https://registry.npmjs.org/typescript/-/typescript-5.8.2.tgz. Extracting by manifest.
337 silly tarball no local data for @jridgewell/gen-mapping@https://registry.npmjs.org/@jridgewell/gen-mapping/-/gen-mapping-0.3.8.tgz. Extracting by manifest.
338 silly tarball no local data for next@https://registry.npmjs.org/next/-/next-14.1.0.tgz. Extracting by manifest.
339 silly tarball no local data for @types/react-dom@https://registry.npmjs.org/@types/react-dom/-/react-dom-18.3.5.tgz. Extracting by manifest.
340 silly tarball no local data for @types/react@https://registry.npmjs.org/@types/react/-/react-18.3.18.tgz. Extracting by manifest.
341 silly tarball no local data for tailwindcss@https://registry.npmjs.org/tailwindcss/-/tailwindcss-3.4.17.tgz. Extracting by manifest.
342 silly tarball no local data for @types/node@https://registry.npmjs.org/@types/node/-/node-20.17.23.tgz. Extracting by manifest.
343 silly tarball no local data for postcss@https://registry.npmjs.org/postcss/-/postcss-8.5.3.tgz. Extracting by manifest.
344 silly tarball no local data for react-dom@https://registry.npmjs.org/react-dom/-/react-dom-18.3.1.tgz. Extracting by manifest.
345 silly tarball no local data for react@https://registry.npmjs.org/react/-/react-18.3.1.tgz. Extracting by manifest.
346 silly tarball no local data for autoprefixer@https://registry.npmjs.org/autoprefixer/-/autoprefixer-10.4.20.tgz. Extracting by manifest.
347 silly tarball no local data for next-themes@https://registry.npmjs.org/next-themes/-/next-themes-0.4.4.tgz. Extracting by manifest.
348 silly tarball no local data for strip-ansi@https://registry.npmjs.org/strip-ansi/-/strip-ansi-6.0.1.tgz. Extracting by manifest.
349 silly tarball no local data for emoji-regex@https://registry.npmjs.org/emoji-regex/-/emoji-regex-8.0.0.tgz. Extracting by manifest.
350 silly tarball no local data for emoji-regex@https://registry.npmjs.org/emoji-regex/-/emoji-regex-8.0.0.tgz. Extracting by manifest.
351 silly tarball no local data for ansi-regex@https://registry.npmjs.org/ansi-regex/-/ansi-regex-5.0.1.tgz. Extracting by manifest.
352 silly tarball no local data for strip-ansi@https://registry.npmjs.org/strip-ansi/-/strip-ansi-6.0.1.tgz. Extracting by manifest.
353 silly tarball no local data for string-width@https://registry.npmjs.org/string-width/-/string-width-4.2.3.tgz. Extracting by manifest.
354 silly tarball no local data for ansi-regex@https://registry.npmjs.org/ansi-regex/-/ansi-regex-5.0.1.tgz. Extracting by manifest.
355 silly tarball no local data for ansi-styles@https://registry.npmjs.org/ansi-styles/-/ansi-styles-4.3.0.tgz. Extracting by manifest.
356 silly tarball no local data for glob-parent@https://registry.npmjs.org/glob-parent/-/glob-parent-5.1.2.tgz. Extracting by manifest.
357 silly tarball no local data for glob-parent@https://registry.npmjs.org/glob-parent/-/glob-parent-5.1.2.tgz. Extracting by manifest.
358 silly tarball no local data for postcss@https://registry.npmjs.org/postcss/-/postcss-8.4.31.tgz. Extracting by manifest.
359 silly tarball no local data for ansi-regex@https://registry.npmjs.org/ansi-regex/-/ansi-regex-5.0.1.tgz. Extracting by manifest.
360 http fetch POST 200 https://registry.npmjs.org/-/npm/v1/security/advisories/bulk 136ms
361 silly audit report {
361 silly audit report   next: [
361 silly audit report     {
361 silly audit report       id: 1099638,
361 silly audit report       url: 'https://github.com/advisories/GHSA-gp8f-8m3g-qvj9',
361 silly audit report       title: 'Next.js Cache Poisoning',
361 silly audit report       severity: 'high',
361 silly audit report       vulnerable_versions: '>=14.0.0 <14.2.10',
361 silly audit report       cwe: [Array],
361 silly audit report       cvss: [Object]
361 silly audit report     },
361 silly audit report     {
361 silly audit report       id: 1100421,
361 silly audit report       url: 'https://github.com/advisories/GHSA-g77x-44xx-532m',
361 silly audit report       title: 'Denial of Service condition in Next.js image optimization',
361 silly audit report       severity: 'moderate',
361 silly audit report       vulnerable_versions: '>=10.0.0 <14.2.7',
361 silly audit report       cwe: [Array],
361 silly audit report       cvss: [Object]
361 silly audit report     },
361 silly audit report     {
361 silly audit report       id: 1101380,
361 silly audit report       url: 'https://github.com/advisories/GHSA-7gfc-8cq8-jh5f',
361 silly audit report       title: 'Next.js authorization bypass vulnerability',
361 silly audit report       severity: 'high',
361 silly audit report       vulnerable_versions: '>=9.5.5 <14.2.15',
361 silly audit report       cwe: [Array],
361 silly audit report       cvss: [Object]
361 silly audit report     },
361 silly audit report     {
361 silly audit report       id: 1101438,
361 silly audit report       url: 'https://github.com/advisories/GHSA-7m27-7ghc-44w9',
361 silly audit report       title: 'Next.js Allows a Denial of Service (DoS) with Server Actions',
361 silly audit report       severity: 'moderate',
361 silly audit report       vulnerable_versions: '>=14.0.0 <14.2.21',
361 silly audit report       cwe: [Array],
361 silly audit report       cvss: [Object]
361 silly audit report     },
361 silly audit report     {
361 silly audit report       id: 1097295,
361 silly audit report       url: 'https://github.com/advisories/GHSA-fr5h-rqp8-mj6g',
361 silly audit report       title: 'Next.js Server-Side Request Forgery in Server Actions',
361 silly audit report       severity: 'high',
361 silly audit report       vulnerable_versions: '>=13.4.0 <14.1.1',
361 silly audit report       cwe: [Array],
361 silly audit report       cvss: [Object]
361 silly audit report     }
361 silly audit report   ]
361 silly audit report }
362 silly packumentCache corgi:https://registry.npmjs.org/next cache-miss
363 http fetch GET 200 https://registry.npmjs.org/thenify-all/-/thenify-all-1.6.0.tgz 212ms (cache miss)
364 http fetch GET 200 https://registry.npmjs.org/strip-ansi/-/strip-ansi-7.1.0.tgz 213ms (cache miss)
365 http fetch GET 200 https://registry.npmjs.org/strip-ansi/-/strip-ansi-6.0.1.tgz 257ms (cache miss)
366 http fetch GET 200 https://registry.npmjs.org/string-width/-/string-width-4.2.3.tgz 284ms (cache miss)
367 http fetch GET 200 https://registry.npmjs.org/thenify/-/thenify-3.3.1.tgz 292ms (cache miss)
368 http fetch GET 200 https://registry.npmjs.org/wrap-ansi/-/wrap-ansi-8.1.0.tgz 294ms (cache miss)
369 http fetch GET 200 https://registry.npmjs.org/which/-/which-2.0.2.tgz 301ms (cache miss)
370 http fetch GET 200 https://registry.npmjs.org/wrap-ansi/-/wrap-ansi-7.0.0.tgz 300ms (cache miss)
371 http fetch GET 200 https://registry.npmjs.org/to-regex-range/-/to-regex-range-5.0.1.tgz 348ms (cache miss)
372 http fetch GET 200 https://registry.npmjs.org/update-browserslist-db/-/update-browserslist-db-1.1.3.tgz 364ms (cache miss)
373 http fetch GET 200 https://registry.npmjs.org/tailwindcss-animate/-/tailwindcss-animate-1.0.7.tgz 388ms (cache miss)
374 http fetch GET 200 https://registry.npmjs.org/string-width/-/string-width-5.1.2.tgz 389ms (cache miss)
375 http fetch GET 200 https://registry.npmjs.org/shebang-regex/-/shebang-regex-3.0.0.tgz 393ms (cache miss)
376 http fetch GET 200 https://registry.npmjs.org/signal-exit/-/signal-exit-4.1.0.tgz 406ms (cache miss)
377 http fetch GET 200 https://registry.npmjs.org/shebang-command/-/shebang-command-2.0.0.tgz 407ms (cache miss)
378 http fetch GET 200 https://registry.npmjs.org/read-cache/-/read-cache-1.0.0.tgz 416ms (cache miss)
379 http fetch GET 200 https://registry.npmjs.org/run-parallel/-/run-parallel-1.2.0.tgz 416ms (cache miss)
380 http fetch GET 200 https://registry.npmjs.org/readdirp/-/readdirp-3.6.0.tgz 423ms (cache miss)
381 http fetch GET 200 https://registry.npmjs.org/util-deprecate/-/util-deprecate-1.0.2.tgz 436ms (cache miss)
382 http fetch GET 200 https://registry.npmjs.org/queue-microtask/-/queue-microtask-1.2.3.tgz 459ms (cache miss)
383 http fetch GET 200 https://registry.npmjs.org/postcss-nested/-/postcss-nested-6.2.0.tgz 530ms (cache miss)
384 http fetch GET 200 https://registry.npmjs.org/pirates/-/pirates-4.0.6.tgz 535ms (cache miss)
385 http fetch GET 200 https://registry.npmjs.org/pify/-/pify-2.3.0.tgz 553ms (cache miss)
386 http fetch GET 200 https://registry.npmjs.org/streamsearch/-/streamsearch-1.1.0.tgz 576ms (cache miss)
387 http fetch GET 200 https://registry.npmjs.org/path-parse/-/path-parse-1.0.7.tgz 573ms (cache miss)
388 http fetch GET 200 https://registry.npmjs.org/object-assign/-/object-assign-4.1.1.tgz 593ms (cache miss)
389 http fetch GET 200 https://registry.npmjs.org/normalize-path/-/normalize-path-3.0.0.tgz 608ms (cache miss)
390 http fetch GET 200 https://registry.npmjs.org/ts-interface-checker/-/ts-interface-checker-0.1.13.tgz 615ms (cache miss)
391 http fetch GET 200 https://registry.npmjs.org/tslib/-/tslib-2.8.1.tgz 643ms (cache miss)
392 http fetch GET 200 https://registry.npmjs.org/supports-preserve-symlinks-flag/-/supports-preserve-symlinks-flag-1.0.0.tgz 655ms (cache miss)
393 http fetch GET 200 https://registry.npmjs.org/merge2/-/merge2-1.4.1.tgz 654ms (cache miss)
394 http fetch GET 200 https://registry.npmjs.org/normalize-range/-/normalize-range-0.1.2.tgz 665ms (cache miss)
395 http fetch GET 200 https://registry.npmjs.org/micromatch/-/micromatch-4.0.8.tgz 680ms (cache miss)
396 http fetch GET 200 https://registry.npmjs.org/path-key/-/path-key-3.1.1.tgz 687ms (cache miss)
397 http fetch GET 200 https://registry.npmjs.org/lines-and-columns/-/lines-and-columns-1.2.4.tgz 711ms (cache miss)
398 http fetch GET 200 https://registry.npmjs.org/is-fullwidth-code-point/-/is-fullwidth-code-point-3.0.0.tgz 722ms (cache miss)
399 http fetch GET 200 https://registry.npmjs.org/picocolors/-/picocolors-1.1.1.tgz 771ms (cache miss)
400 http fetch GET 200 https://registry.npmjs.org/loose-envify/-/loose-envify-1.4.0.tgz 769ms (cache miss)
401 http fetch GET 200 https://registry.npmjs.org/js-tokens/-/js-tokens-4.0.0.tgz 796ms (cache miss)
402 http fetch GET 200 https://registry.npmjs.org/node-releases/-/node-releases-2.0.19.tgz 806ms (cache miss)
403 http fetch GET 200 https://registry.npmjs.org/is-extglob/-/is-extglob-2.1.1.tgz 816ms (cache miss)
404 http fetch GET 200 https://registry.npmjs.org/is-binary-path/-/is-binary-path-2.1.0.tgz 817ms (cache miss)
405 http fetch GET 200 https://registry.npmjs.org/is-number/-/is-number-7.0.0.tgz 825ms (cache miss)
406 http fetch GET 200 https://registry.npmjs.org/function-bind/-/function-bind-1.1.2.tgz 847ms (cache miss)
407 http fetch GET 200 https://registry.npmjs.org/fastq/-/fastq-1.19.1.tgz 845ms (cache miss)
408 http fetch GET 200 https://registry.npmjs.org/is-glob/-/is-glob-4.0.3.tgz 859ms (cache miss)
409 http fetch GET 200 https://registry.npmjs.org/postcss-js/-/postcss-js-4.0.1.tgz 870ms (cache miss)
410 http fetch GET 200 https://registry.npmjs.org/glob-parent/-/glob-parent-6.0.2.tgz 863ms (cache miss)
411 http fetch GET 200 https://registry.npmjs.org/postcss-load-config/-/postcss-load-config-4.0.2.tgz 897ms (cache miss)
412 http fetch GET 200 https://registry.npmjs.org/object-hash/-/object-hash-3.0.0.tgz 897ms (cache miss)
413 http fetch GET 200 https://registry.npmjs.org/emoji-regex/-/emoji-regex-9.2.2.tgz 897ms (cache miss)
414 http fetch GET 200 https://registry.npmjs.org/lilconfig/-/lilconfig-3.1.3.tgz 919ms (cache miss)
415 http fetch GET 200 https://registry.npmjs.org/eastasianwidth/-/eastasianwidth-0.2.0.tgz 935ms (cache miss)
416 http fetch GET 200 https://registry.npmjs.org/color-name/-/color-name-1.1.4.tgz 951ms (cache miss)
417 http fetch GET 200 https://registry.npmjs.org/cssesc/-/cssesc-3.0.0.tgz 993ms (cache miss)
418 http fetch GET 200 https://registry.npmjs.org/client-only/-/client-only-0.0.1.tgz 1024ms (cache miss)
419 http fetch GET 200 https://registry.npmjs.org/didyoumean/-/didyoumean-1.2.2.tgz 1029ms (cache miss)
420 http fetch GET 200 https://registry.npmjs.org/camelcase-css/-/camelcase-css-2.0.1.tgz 1065ms (cache miss)
421 http fetch GET 200 https://registry.npmjs.org/fill-range/-/fill-range-7.1.1.tgz 1071ms (cache miss)
422 http fetch GET 200 https://registry.npmjs.org/binary-extensions/-/binary-extensions-2.3.0.tgz 1082ms (cache miss)
423 http fetch GET 200 https://registry.npmjs.org/ansi-regex/-/ansi-regex-6.1.0.tgz 1108ms (cache miss)
424 http fetch GET 200 https://registry.npmjs.org/ansi-styles/-/ansi-styles-6.2.1.tgz 1116ms (cache miss)
425 http fetch GET 200 https://registry.npmjs.org/postcss-value-parser/-/postcss-value-parser-4.2.0.tgz 1141ms (cache miss)
426 http fetch GET 200 https://registry.npmjs.org/arg/-/arg-5.0.2.tgz 1139ms (cache miss)
427 http fetch GET 200 https://registry.npmjs.org/graceful-fs/-/graceful-fs-4.2.11.tgz 1155ms (cache miss)
428 http fetch GET 200 https://registry.npmjs.org/anymatch/-/anymatch-3.1.3.tgz 1147ms (cache miss)
429 http fetch GET 200 https://registry.npmjs.org/any-promise/-/any-promise-1.3.0.tgz 1148ms (cache miss)
430 http fetch GET 200 https://registry.npmjs.org/brace-expansion/-/brace-expansion-2.0.1.tgz 1152ms (cache miss)
431 http fetch GET 200 https://registry.npmjs.org/isexe/-/isexe-2.0.0.tgz 1168ms (cache miss)
432 http fetch GET 200 https://registry.npmjs.org/balanced-match/-/balanced-match-1.0.2.tgz 1175ms (cache miss)
433 http fetch GET 200 https://registry.npmjs.org/reusify/-/reusify-1.1.0.tgz 1194ms (cache miss)
434 http fetch GET 200 https://registry.npmjs.org/@types/prop-types/-/prop-types-15.7.14.tgz 1180ms (cache miss)
435 http fetch GET 200 https://registry.npmjs.org/@isaacs/cliui/-/cliui-8.0.2.tgz 1185ms (cache miss)
436 http fetch GET 200 https://registry.npmjs.org/@next/env/-/env-14.1.0.tgz 1198ms (cache miss)
437 http fetch GET 200 https://registry.npmjs.org/@alloc/quick-lru/-/quick-lru-5.2.0.tgz 1216ms (cache miss)
438 http fetch GET 200 https://registry.npmjs.org/@nodelib/fs.scandir/-/fs.scandir-2.1.5.tgz 1219ms (cache miss)
439 http fetch GET 200 https://registry.npmjs.org/@jridgewell/gen-mapping/-/gen-mapping-0.3.8.tgz 1220ms (cache miss)
440 http fetch GET 200 https://registry.npmjs.org/color-convert/-/color-convert-2.0.1.tgz 1241ms (cache miss)
441 http fetch GET 200 https://registry.npmjs.org/@jridgewell/set-array/-/set-array-1.2.1.tgz 1238ms (cache miss)
442 http fetch GET 200 https://registry.npmjs.org/strip-ansi/-/strip-ansi-6.0.1.tgz 1257ms (cache miss)
443 http fetch GET 200 https://registry.npmjs.org/strip-ansi/-/strip-ansi-6.0.1.tgz 1258ms (cache miss)
444 http fetch GET 200 https://registry.npmjs.org/mz/-/mz-2.7.0.tgz 1282ms (cache miss)
445 http fetch GET 200 https://registry.npmjs.org/emoji-regex/-/emoji-regex-8.0.0.tgz 1267ms (cache miss)
446 http fetch GET 200 https://registry.npmjs.org/commander/-/commander-4.1.1.tgz 1279ms (cache miss)
447 http fetch GET 200 https://registry.npmjs.org/postcss-import/-/postcss-import-15.1.0.tgz 1301ms (cache miss)
448 http fetch GET 200 https://registry.npmjs.org/string-width/-/string-width-4.2.3.tgz 1286ms (cache miss)
449 http fetch GET 200 https://registry.npmjs.org/scheduler/-/scheduler-0.23.2.tgz 1328ms (cache miss)
450 http fetch GET 200 https://registry.npmjs.org/ansi-regex/-/ansi-regex-5.0.1.tgz 1321ms (cache miss)
451 http fetch GET 200 https://registry.npmjs.org/emoji-regex/-/emoji-regex-8.0.0.tgz 1322ms (cache miss)
452 http fetch GET 200 https://registry.npmjs.org/dlv/-/dlv-1.1.3.tgz 1337ms (cache miss)
453 http fetch GET 200 https://registry.npmjs.org/hasown/-/hasown-2.0.2.tgz 1343ms (cache miss)
454 http fetch GET 200 https://registry.npmjs.org/ansi-regex/-/ansi-regex-5.0.1.tgz 1326ms (cache miss)
455 http fetch GET 200 https://registry.npmjs.org/ansi-regex/-/ansi-regex-5.0.1.tgz 1337ms (cache miss)
456 http fetch GET 200 https://registry.npmjs.org/ansi-styles/-/ansi-styles-4.3.0.tgz 1340ms (cache miss)
457 http fetch GET 200 https://registry.npmjs.org/glob-parent/-/glob-parent-5.1.2.tgz 1342ms (cache miss)
458 http fetch GET 200 https://registry.npmjs.org/is-core-module/-/is-core-module-2.16.1.tgz 1385ms (cache miss)
459 http fetch GET 200 https://registry.npmjs.org/chokidar/-/chokidar-3.6.0.tgz 1408ms (cache miss)
460 http fetch GET 200 https://registry.npmjs.org/escalade/-/escalade-3.2.0.tgz 1437ms (cache miss)
461 http fetch GET 200 https://registry.npmjs.org/package-json-from-dist/-/package-json-from-dist-1.0.1.tgz 1451ms (cache miss)
462 http fetch GET 200 https://registry.npmjs.org/picomatch/-/picomatch-2.3.1.tgz 1452ms (cache miss)
463 http fetch GET 200 https://registry.npmjs.org/glob-parent/-/glob-parent-5.1.2.tgz 1426ms (cache miss)
464 http fetch GET 200 https://registry.npmjs.org/next-themes/-/next-themes-0.4.4.tgz 1437ms (cache miss)
465 http fetch GET 200 https://registry.npmjs.org/@jridgewell/resolve-uri/-/resolve-uri-3.1.2.tgz 1447ms (cache miss)
466 http fetch GET 200 https://registry.npmjs.org/braces/-/braces-3.0.3.tgz 1468ms (cache miss)
467 http fetch GET 200 https://registry.npmjs.org/cross-spawn/-/cross-spawn-7.0.6.tgz 1504ms (cache miss)
468 http fetch GET 200 https://registry.npmjs.org/fraction.js/-/fraction.js-4.3.7.tgz 1509ms (cache miss)
469 http fetch GET 200 https://registry.npmjs.org/@types/react-dom/-/react-dom-18.3.5.tgz 1530ms (cache miss)
470 http fetch GET 200 https://registry.npmjs.org/electron-to-chromium/-/electron-to-chromium-1.5.113.tgz 1544ms (cache miss)
471 http fetch GET 200 https://registry.npmjs.org/@jridgewell/sourcemap-codec/-/sourcemap-codec-1.5.0.tgz 1566ms (cache miss)
472 http fetch GET 200 https://registry.npmjs.org/source-map-js/-/source-map-js-1.2.1.tgz 1594ms (cache miss)
473 http fetch GET 200 https://registry.npmjs.org/minipass/-/minipass-7.1.2.tgz 1626ms (cache miss)
474 http fetch GET 200 https://registry.npmjs.org/browserslist/-/browserslist-4.24.4.tgz 1622ms (cache miss)
475 http fetch GET 200 https://registry.npmjs.org/@nodelib/fs.stat/-/fs.stat-2.0.5.tgz 1658ms (cache miss)
476 http fetch GET 200 https://registry.npmjs.org/@pkgjs/parseargs/-/parseargs-0.11.0.tgz 1709ms (cache miss)
477 http fetch GET 200 https://registry.npmjs.org/path-scurry/-/path-scurry-1.11.1.tgz 1754ms (cache miss)
478 http fetch GET 200 https://registry.npmjs.org/@jridgewell/trace-mapping/-/trace-mapping-0.3.25.tgz 1734ms (cache miss)
479 http fetch GET 200 https://registry.npmjs.org/jackspeak/-/jackspeak-3.4.3.tgz 1946ms (cache miss)
480 http fetch GET 200 https://registry.npmjs.org/undici-types/-/undici-types-6.19.8.tgz 1967ms (cache miss)
481 http fetch GET 200 https://registry.npmjs.org/nanoid/-/nanoid-3.3.9.tgz 1981ms (cache miss)
482 http fetch GET 200 https://registry.npmjs.org/styled-jsx/-/styled-jsx-5.1.1.tgz 1996ms (cache miss)
483 http fetch GET 200 https://registry.npmjs.org/busboy/-/busboy-1.6.0.tgz 2012ms (cache miss)
484 http fetch GET 200 https://registry.npmjs.org/@types/react/-/react-18.3.18.tgz 2014ms (cache miss)
485 http fetch GET 200 https://registry.npmjs.org/react/-/react-18.3.1.tgz 2017ms (cache miss)
486 http fetch GET 200 https://registry.npmjs.org/@nodelib/fs.walk/-/fs.walk-1.2.8.tgz 2021ms (cache miss)
487 http fetch GET 200 https://registry.npmjs.org/csstype/-/csstype-3.1.3.tgz 2031ms (cache miss)
488 http fetch GET 200 https://registry.npmjs.org/lru-cache/-/lru-cache-10.4.3.tgz 2135ms (cache miss)
489 http fetch GET 200 https://registry.npmjs.org/foreground-child/-/foreground-child-3.3.1.tgz 2152ms (cache miss)
490 http fetch GET 200 https://registry.npmjs.org/postcss-selector-parser/-/postcss-selector-parser-6.1.2.tgz 2190ms (cache miss)
491 http fetch GET 200 https://registry.npmjs.org/jiti/-/jiti-1.21.7.tgz 2313ms (cache miss)
492 http fetch GET 200 https://registry.npmjs.org/fast-glob/-/fast-glob-3.3.3.tgz 2440ms (cache miss)
493 http fetch GET 200 https://registry.npmjs.org/minimatch/-/minimatch-9.0.5.tgz 2460ms (cache miss)
494 http fetch GET 200 https://registry.npmjs.org/postcss/-/postcss-8.5.3.tgz 2447ms (cache miss)
495 http fetch GET 200 https://registry.npmjs.org/postcss/-/postcss-8.4.31.tgz 2467ms (cache miss)
496 http fetch GET 200 https://registry.npmjs.org/glob/-/glob-10.4.5.tgz 2576ms (cache miss)
497 http fetch GET 200 https://registry.npmjs.org/autoprefixer/-/autoprefixer-10.4.20.tgz 2694ms (cache miss)
498 http fetch GET 200 https://registry.npmjs.org/react-dom/-/react-dom-18.3.1.tgz 2794ms (cache miss)
499 http fetch GET 200 https://registry.npmjs.org/resolve/-/resolve-1.22.10.tgz 2839ms (cache miss)
500 http fetch GET 200 https://registry.npmjs.org/@types/node/-/node-20.17.23.tgz 2832ms (cache miss)
501 http fetch GET 200 https://registry.npmjs.org/sucrase/-/sucrase-3.35.0.tgz 3192ms (cache miss)
502 http fetch GET 200 https://registry.npmjs.org/next 3155ms (cache updated)
503 silly packumentCache corgi:https://registry.npmjs.org/next set size:undefined disposed:false
504 http fetch GET 200 https://registry.npmjs.org/yaml/-/yaml-2.7.0.tgz 3881ms (cache miss)
505 http fetch GET 200 https://registry.npmjs.org/tailwindcss/-/tailwindcss-3.4.17.tgz 4068ms (cache miss)
506 http fetch GET 200 https://registry.npmjs.org/@swc/helpers/-/helpers-0.5.2.tgz 4917ms (cache miss)
507 http fetch GET 200 https://registry.npmjs.org/typescript/-/typescript-5.8.2.tgz 4935ms (cache miss)
508 http fetch GET 200 https://registry.npmjs.org/caniuse-lite/-/caniuse-lite-1.0.30001702.tgz 6276ms (cache miss)
509 http fetch GET 200 https://registry.npmjs.org/@next/swc-win32-arm64-msvc/-/swc-win32-arm64-msvc-14.1.0.tgz 6838ms (cache miss)
510 http fetch GET 200 https://registry.npmjs.org/next/-/next-14.1.0.tgz 25658ms (cache miss)
511 silly ADD node_modules/tailwindcss-animate
512 silly ADD node_modules/yaml
513 silly ADD node_modules/wrap-ansi-cjs
514 silly ADD node_modules/wrap-ansi-cjs/node_modules/strip-ansi
515 silly ADD node_modules/wrap-ansi-cjs/node_modules/string-width
516 silly ADD node_modules/wrap-ansi-cjs/node_modules/emoji-regex
517 silly ADD node_modules/wrap-ansi-cjs/node_modules/ansi-styles
518 silly ADD node_modules/wrap-ansi-cjs/node_modules/ansi-regex
519 silly ADD node_modules/wrap-ansi
520 silly ADD node_modules/which
521 silly ADD node_modules/util-deprecate
522 silly ADD node_modules/update-browserslist-db
523 silly ADD node_modules/undici-types
524 silly ADD node_modules/tslib
525 silly ADD node_modules/ts-interface-checker
526 silly ADD node_modules/to-regex-range
527 silly ADD node_modules/thenify-all
528 silly ADD node_modules/thenify
529 silly ADD node_modules/supports-preserve-symlinks-flag
530 silly ADD node_modules/sucrase
531 silly ADD node_modules/styled-jsx
532 silly ADD node_modules/strip-ansi-cjs
533 silly ADD node_modules/strip-ansi-cjs/node_modules/ansi-regex
534 silly ADD node_modules/strip-ansi
535 silly ADD node_modules/string-width-cjs
536 silly ADD node_modules/string-width-cjs/node_modules/strip-ansi
537 silly ADD node_modules/string-width-cjs/node_modules/emoji-regex
538 silly ADD node_modules/string-width-cjs/node_modules/ansi-regex
539 silly ADD node_modules/string-width
540 silly ADD node_modules/streamsearch
541 silly ADD node_modules/source-map-js
542 silly ADD node_modules/signal-exit
543 silly ADD node_modules/shebang-regex
544 silly ADD node_modules/shebang-command
545 silly ADD node_modules/scheduler
546 silly ADD node_modules/run-parallel
547 silly ADD node_modules/reusify
548 silly ADD node_modules/resolve
549 silly ADD node_modules/readdirp
550 silly ADD node_modules/read-cache
551 silly ADD node_modules/queue-microtask
552 silly ADD node_modules/postcss-value-parser
553 silly ADD node_modules/postcss-selector-parser
554 silly ADD node_modules/postcss-nested
555 silly ADD node_modules/postcss-load-config
556 silly ADD node_modules/postcss-js
557 silly ADD node_modules/postcss-import
558 silly ADD node_modules/pirates
559 silly ADD node_modules/pify
560 silly ADD node_modules/picomatch
561 silly ADD node_modules/picocolors
562 silly ADD node_modules/path-scurry
563 silly ADD node_modules/path-parse
564 silly ADD node_modules/path-key
565 silly ADD node_modules/package-json-from-dist
566 silly ADD node_modules/object-hash
567 silly ADD node_modules/object-assign
568 silly ADD node_modules/normalize-range
569 silly ADD node_modules/normalize-path
570 silly ADD node_modules/node-releases
571 silly ADD node_modules/nanoid
572 silly ADD node_modules/mz
573 silly ADD node_modules/minipass
574 silly ADD node_modules/minimatch
575 silly ADD node_modules/micromatch
576 silly ADD node_modules/merge2
577 silly ADD node_modules/lru-cache
578 silly ADD node_modules/loose-envify
579 silly ADD node_modules/lines-and-columns
580 silly ADD node_modules/lilconfig
581 silly ADD node_modules/js-tokens
582 silly ADD node_modules/jiti
583 silly ADD node_modules/jackspeak
584 silly ADD node_modules/isexe
585 silly ADD node_modules/is-number
586 silly ADD node_modules/is-glob
587 silly ADD node_modules/is-fullwidth-code-point
588 silly ADD node_modules/is-extglob
589 silly ADD node_modules/is-core-module
590 silly ADD node_modules/is-binary-path
591 silly ADD node_modules/hasown
592 silly ADD node_modules/graceful-fs
593 silly ADD node_modules/glob-parent
594 silly ADD node_modules/glob
595 silly ADD node_modules/function-bind
596 silly ADD
597 silly ADD node_modules/fraction.js
598 silly ADD node_modules/foreground-child
599 silly ADD node_modules/fill-range
600 silly ADD node_modules/fastq
601 silly ADD node_modules/fast-glob
602 silly ADD node_modules/fast-glob/node_modules/glob-parent
603 silly ADD node_modules/escalade
604 silly ADD node_modules/emoji-regex
605 silly ADD node_modules/electron-to-chromium
606 silly ADD node_modules/eastasianwidth
607 silly ADD node_modules/dlv
608 silly ADD node_modules/didyoumean
609 silly ADD node_modules/csstype
610 silly ADD node_modules/cssesc
611 silly ADD node_modules/cross-spawn
612 silly ADD node_modules/commander
613 silly ADD node_modules/color-name
614 silly ADD node_modules/color-convert
615 silly ADD node_modules/client-only
616 silly ADD node_modules/chokidar
617 silly ADD node_modules/chokidar/node_modules/glob-parent
618 silly ADD node_modules/caniuse-lite
619 silly ADD node_modules/camelcase-css
620 silly ADD node_modules/busboy
621 silly ADD node_modules/browserslist
622 silly ADD node_modules/braces
623 silly ADD node_modules/brace-expansion
624 silly ADD node_modules/binary-extensions
625 silly ADD node_modules/balanced-match
626 silly ADD node_modules/arg
627 silly ADD node_modules/anymatch
628 silly ADD node_modules/any-promise
629 silly ADD node_modules/ansi-styles
630 silly ADD node_modules/ansi-regex
631 silly ADD node_modules/@types/prop-types
632 silly ADD node_modules/@swc/helpers
633 silly ADD node_modules/@pkgjs/parseargs
634 silly ADD node_modules/@nodelib/fs.walk
635 silly ADD node_modules/@nodelib/fs.stat
636 silly ADD node_modules/@nodelib/fs.scandir
637 silly ADD
638 silly ADD
639 silly ADD node_modules/@next/swc-win32-arm64-msvc
640 silly ADD
641 silly ADD
642 silly ADD
643 silly ADD
644 silly ADD
645 silly ADD
646 silly ADD node_modules/@next/env
647 silly ADD node_modules/@jridgewell/trace-mapping
648 silly ADD node_modules/@jridgewell/sourcemap-codec
649 silly ADD node_modules/@jridgewell/set-array
650 silly ADD node_modules/@jridgewell/resolve-uri
651 silly ADD node_modules/@jridgewell/gen-mapping
652 silly ADD node_modules/@isaacs/cliui
653 silly ADD node_modules/@alloc/quick-lru
654 silly CHANGE node_modules/@types/react-dom
655 silly CHANGE node_modules/@types/react
656 silly CHANGE node_modules/@types/node
657 silly CHANGE node_modules/typescript
658 silly CHANGE node_modules/next
659 silly ADD node_modules/next/node_modules/postcss
660 silly CHANGE node_modules/tailwindcss
661 silly CHANGE node_modules/postcss
662 silly CHANGE node_modules/react
663 silly CHANGE node_modules/autoprefixer
664 silly CHANGE node_modules/next-themes
665 silly CHANGE node_modules/react-dom
666 silly CHANGE node_modules/photo-portfolio
667 verbose cwd C:\Users\clayc\OneDrive - Partner Chain\Documents\GitHub\FSD
668 verbose os Windows_NT 10.0.26100
669 verbose node v22.14.0
670 verbose npm  v10.9.2
671 verbose exit 0
672 info ok
