0 verbose cli C:\Program Files\nodejs\node.exe C:\Program Files\nodejs\node_modules\npm\bin\npm-cli.js
1 info using npm@10.9.2
2 info using node@v22.14.0
3 silly config load:file:C:\Program Files\nodejs\node_modules\npm\npmrc
4 silly config load:file:c:\Users\clayc\OneDrive - Partner Chain\Documents\GitHub\FSD\.npmrc
5 silly config load:file:C:\Users\clayc\.npmrc
6 silly config load:file:c:\Users\clayc\OneDrive - Partner Chain\Documents\GitHub\FSD\etc\npmrc
7 verbose title npm i
8 verbose argv "i" "--package-lock-only" "--prefix" "c:/Users/clayc/OneDrive - Partner Chain/Documents/GitHub/FSD"
9 verbose logfile logs-max:10 dir:c:\Users\clayc\OneDrive - Partner Chain\Documents\GitHub\FSD\%APPDATA%\npm-cache\_logs\2025-03-07T22_45_04_075Z-
10 verbose logfile c:\Users\clayc\OneDrive - Partner Chain\Documents\GitHub\FSD\%APPDATA%\npm-cache\_logs\2025-03-07T22_45_04_075Z-debug-0.log
11 silly logfile done cleaning log files
12 silly packumentCache heap:4345298944 maxSize:1086324736 maxEntrySize:543162368
13 silly idealTree buildDeps
14 silly placeDep ROOT photo-portfolio@0.1.0 REPLACE for: photo-portfolio@0.1.0 want: file:
15 silly audit bulk request {
15 silly audit   'photo-portfolio': [ '0.1.0' ],
15 silly audit   '@alloc/quick-lru': [ '5.2.0' ],
15 silly audit   '@date-fns/tz': [ '1.2.0' ],
15 silly audit   '@isaacs/cliui': [ '8.0.2' ],
15 silly audit   '@jridgewell/gen-mapping': [ '0.3.8' ],
15 silly audit   '@jridgewell/resolve-uri': [ '3.1.2' ],
15 silly audit   '@jridgewell/set-array': [ '1.2.1' ],
15 silly audit   '@jridgewell/sourcemap-codec': [ '1.5.0' ],
15 silly audit   '@jridgewell/trace-mapping': [ '0.3.25' ],
15 silly audit   '@next/env': [ '14.1.0' ],
15 silly audit   '@next/swc-darwin-arm64': [ '14.1.0' ],
15 silly audit   '@next/swc-darwin-x64': [ '14.1.0' ],
15 silly audit   '@next/swc-linux-arm64-gnu': [ '14.1.0' ],
15 silly audit   '@next/swc-linux-arm64-musl': [ '14.1.0' ],
15 silly audit   '@next/swc-linux-x64-gnu': [ '14.1.0' ],
15 silly audit   '@next/swc-linux-x64-musl': [ '14.1.0' ],
15 silly audit   '@next/swc-win32-arm64-msvc': [ '14.1.0' ],
15 silly audit   '@next/swc-win32-ia32-msvc': [ '14.1.0' ],
15 silly audit   '@next/swc-win32-x64-msvc': [ '14.1.0' ],
15 silly audit   '@nodelib/fs.scandir': [ '2.1.5' ],
15 silly audit   '@nodelib/fs.stat': [ '2.0.5' ],
15 silly audit   '@nodelib/fs.walk': [ '1.2.8' ],
15 silly audit   '@pkgjs/parseargs': [ '0.11.0' ],
15 silly audit   '@radix-ui/react-compose-refs': [ '1.1.1' ],
15 silly audit   '@radix-ui/react-slot': [ '1.1.2' ],
15 silly audit   '@swc/helpers': [ '0.5.2' ],
15 silly audit   '@types/node': [ '20.17.23' ],
15 silly audit   '@types/prop-types': [ '15.7.14' ],
15 silly audit   '@types/react': [ '18.3.18' ],
15 silly audit   '@types/react-dom': [ '18.3.5' ],
15 silly audit   'ansi-regex': [ '6.1.0', '5.0.1' ],
15 silly audit   'ansi-styles': [ '6.2.1', '4.3.0' ],
15 silly audit   'any-promise': [ '1.3.0' ],
15 silly audit   anymatch: [ '3.1.3' ],
15 silly audit   arg: [ '5.0.2' ],
15 silly audit   autoprefixer: [ '10.4.20' ],
15 silly audit   'balanced-match': [ '1.0.2' ],
15 silly audit   'binary-extensions': [ '2.3.0' ],
15 silly audit   'brace-expansion': [ '2.0.1' ],
15 silly audit   braces: [ '3.0.3' ],
15 silly audit   browserslist: [ '4.24.4' ],
15 silly audit   busboy: [ '1.6.0' ],
15 silly audit   'camelcase-css': [ '2.0.1' ],
15 silly audit   'caniuse-lite': [ '1.0.30001702' ],
15 silly audit   chokidar: [ '3.6.0' ],
15 silly audit   'glob-parent': [ '5.1.2', '6.0.2' ],
15 silly audit   'class-variance-authority': [ '0.7.1' ],
15 silly audit   'client-only': [ '0.0.1' ],
15 silly audit   clsx: [ '2.1.1' ],
15 silly audit   'color-convert': [ '2.0.1' ],
15 silly audit   'color-name': [ '1.1.4' ],
15 silly audit   commander: [ '4.1.1' ],
15 silly audit   'cross-spawn': [ '7.0.6' ],
15 silly audit   cssesc: [ '3.0.0' ],
15 silly audit   csstype: [ '3.1.3' ],
15 silly audit   'date-fns': [ '4.1.0' ],
15 silly audit   'date-fns-jalali': [ '4.1.0-0' ],
15 silly audit   didyoumean: [ '1.2.2' ],
15 silly audit   dlv: [ '1.1.3' ],
15 silly audit   eastasianwidth: [ '0.2.0' ],
15 silly audit   'electron-to-chromium': [ '1.5.113' ],
15 silly audit   'emoji-regex': [ '9.2.2', '8.0.0' ],
15 silly audit   escalade: [ '3.2.0' ],
15 silly audit   'fast-glob': [ '3.3.3' ],
15 silly audit   fastq: [ '1.19.1' ],
15 silly audit   'fill-range': [ '7.1.1' ],
15 silly audit   'foreground-child': [ '3.3.1' ],
15 silly audit   'fraction.js': [ '4.3.7' ],
15 silly audit   fsevents: [ '2.3.3' ],
15 silly audit   'function-bind': [ '1.1.2' ],
15 silly audit   geist: [ '1.3.1' ],
15 silly audit   glob: [ '10.4.5' ],
15 silly audit   'graceful-fs': [ '4.2.11' ],
15 silly audit   hasown: [ '2.0.2' ],
15 silly audit   'is-binary-path': [ '2.1.0' ],
15 silly audit   'is-core-module': [ '2.16.1' ],
15 silly audit   'is-extglob': [ '2.1.1' ],
15 silly audit   'is-fullwidth-code-point': [ '3.0.0' ],
15 silly audit   'is-glob': [ '4.0.3' ],
15 silly audit   'is-number': [ '7.0.0' ],
15 silly audit   isexe: [ '2.0.0' ],
15 silly audit   jackspeak: [ '3.4.3' ],
15 silly audit   jiti: [ '1.21.7' ],
15 silly audit   'js-tokens': [ '4.0.0' ],
15 silly audit   lilconfig: [ '3.1.3' ],
15 silly audit   'lines-and-columns': [ '1.2.4' ],
15 silly audit   'loose-envify': [ '1.4.0' ],
15 silly audit   'lru-cache': [ '10.4.3' ],
15 silly audit   'lucide-react': [ '0.479.0' ],
15 silly audit   merge2: [ '1.4.1' ],
15 silly audit   micromatch: [ '4.0.8' ],
15 silly audit   minimatch: [ '9.0.5' ],
15 silly audit   minipass: [ '7.1.2' ],
15 silly audit   mz: [ '2.7.0' ],
15 silly audit   nanoid: [ '3.3.9' ],
15 silly audit   next: [ '14.1.0' ],
15 silly audit   'next-themes': [ '0.4.4' ],
15 silly audit   postcss: [ '8.4.31', '8.5.3' ],
15 silly audit   'node-releases': [ '2.0.19' ],
15 silly audit   'normalize-path': [ '3.0.0' ],
15 silly audit   'normalize-range': [ '0.1.2' ],
15 silly audit   'object-assign': [ '4.1.1' ],
15 silly audit   'object-hash': [ '3.0.0' ],
15 silly audit   'package-json-from-dist': [ '1.0.1' ],
15 silly audit   'path-key': [ '3.1.1' ],
15 silly audit   'path-parse': [ '1.0.7' ],
15 silly audit   'path-scurry': [ '1.11.1' ],
15 silly audit   picocolors: [ '1.1.1' ],
15 silly audit   picomatch: [ '2.3.1' ],
15 silly audit   pify: [ '2.3.0' ],
15 silly audit   pirates: [ '4.0.6' ],
15 silly audit   'postcss-import': [ '15.1.0' ],
15 silly audit   'postcss-js': [ '4.0.1' ],
15 silly audit   'postcss-load-config': [ '4.0.2' ],
15 silly audit   'postcss-nested': [ '6.2.0' ],
15 silly audit   'postcss-selector-parser': [ '6.1.2' ],
15 silly audit   'postcss-value-parser': [ '4.2.0' ],
15 silly audit   'queue-microtask': [ '1.2.3' ],
15 silly audit   react: [ '18.3.1' ],
15 silly audit   'react-day-picker': [ '9.5.1' ],
15 silly audit   'react-dom': [ '18.3.1' ],
15 silly audit   'read-cache': [ '1.0.0' ],
15 silly audit   readdirp: [ '3.6.0' ],
15 silly audit   resolve: [ '1.22.10' ],
15 silly audit   reusify: [ '1.1.0' ],
15 silly audit   'run-parallel': [ '1.2.0' ],
15 silly audit   scheduler: [ '0.23.2' ],
15 silly audit   'shebang-command': [ '2.0.0' ],
15 silly audit   'shebang-regex': [ '3.0.0' ],
15 silly audit   'signal-exit': [ '4.1.0' ],
15 silly audit   'source-map-js': [ '1.2.1' ],
15 silly audit   streamsearch: [ '1.1.0' ],
15 silly audit   'string-width': [ '5.1.2', '4.2.3' ],
15 silly audit   'strip-ansi': [ '6.0.1', '7.1.0' ],
15 silly audit   'styled-jsx': [ '5.1.1' ],
15 silly audit   sucrase: [ '3.35.0' ],
15 silly audit   'supports-preserve-symlinks-flag': [ '1.0.0' ],
15 silly audit   'tailwind-merge': [ '3.0.2' ],
15 silly audit   tailwindcss: [ '3.4.17' ],
15 silly audit   'tailwindcss-animate': [ '1.0.7' ],
15 silly audit   thenify: [ '3.3.1' ],
15 silly audit   'thenify-all': [ '1.6.0' ],
15 silly audit   'to-regex-range': [ '5.0.1' ],
15 silly audit   'ts-interface-checker': [ '0.1.13' ],
15 silly audit   tslib: [ '2.8.1' ],
15 silly audit   typescript: [ '5.8.2' ],
15 silly audit   'undici-types': [ '6.19.8' ],
15 silly audit   'update-browserslist-db': [ '1.1.3' ],
15 silly audit   'util-deprecate': [ '1.0.2' ],
15 silly audit   which: [ '2.0.2' ],
15 silly audit   'wrap-ansi': [ '8.1.0', '7.0.0' ],
15 silly audit   yaml: [ '2.7.0' ]
15 silly audit }
16 http fetch POST 200 https://registry.npmjs.org/-/npm/v1/security/advisories/bulk 645ms
17 silly audit report {
17 silly audit report   next: [
17 silly audit report     {
17 silly audit report       id: 1099638,
17 silly audit report       url: 'https://github.com/advisories/GHSA-gp8f-8m3g-qvj9',
17 silly audit report       title: 'Next.js Cache Poisoning',
17 silly audit report       severity: 'high',
17 silly audit report       vulnerable_versions: '>=14.0.0 <14.2.10',
17 silly audit report       cwe: [Array],
17 silly audit report       cvss: [Object]
17 silly audit report     },
17 silly audit report     {
17 silly audit report       id: 1100421,
17 silly audit report       url: 'https://github.com/advisories/GHSA-g77x-44xx-532m',
17 silly audit report       title: 'Denial of Service condition in Next.js image optimization',
17 silly audit report       severity: 'moderate',
17 silly audit report       vulnerable_versions: '>=10.0.0 <14.2.7',
17 silly audit report       cwe: [Array],
17 silly audit report       cvss: [Object]
17 silly audit report     },
17 silly audit report     {
17 silly audit report       id: 1101380,
17 silly audit report       url: 'https://github.com/advisories/GHSA-7gfc-8cq8-jh5f',
17 silly audit report       title: 'Next.js authorization bypass vulnerability',
17 silly audit report       severity: 'high',
17 silly audit report       vulnerable_versions: '>=9.5.5 <14.2.15',
17 silly audit report       cwe: [Array],
17 silly audit report       cvss: [Object]
17 silly audit report     },
17 silly audit report     {
17 silly audit report       id: 1101438,
17 silly audit report       url: 'https://github.com/advisories/GHSA-7m27-7ghc-44w9',
17 silly audit report       title: 'Next.js Allows a Denial of Service (DoS) with Server Actions',
17 silly audit report       severity: 'moderate',
17 silly audit report       vulnerable_versions: '>=14.0.0 <14.2.21',
17 silly audit report       cwe: [Array],
17 silly audit report       cvss: [Object]
17 silly audit report     },
17 silly audit report     {
17 silly audit report       id: 1097295,
17 silly audit report       url: 'https://github.com/advisories/GHSA-fr5h-rqp8-mj6g',
17 silly audit report       title: 'Next.js Server-Side Request Forgery in Server Actions',
17 silly audit report       severity: 'high',
17 silly audit report       vulnerable_versions: '>=13.4.0 <14.1.1',
17 silly audit report       cwe: [Array],
17 silly audit report       cvss: [Object]
17 silly audit report     }
17 silly audit report   ]
17 silly audit report }
18 silly packumentCache corgi:https://registry.npmjs.org/next cache-miss
19 http fetch GET 200 https://registry.npmjs.org/next 1115ms (cache updated)
20 silly packumentCache corgi:https://registry.npmjs.org/next set size:undefined disposed:false
21 silly packumentCache corgi:https://registry.npmjs.org/geist cache-miss
22 http fetch GET 200 https://registry.npmjs.org/geist 103ms (cache updated)
23 silly packumentCache corgi:https://registry.npmjs.org/geist set size:undefined disposed:false
24 verbose cwd c:\Users\clayc\OneDrive - Partner Chain\Documents\GitHub\FSD
25 verbose os Windows_NT 10.0.26100
26 verbose node v22.14.0
27 verbose npm  v10.9.2
28 verbose exit 0
29 info ok
